2023-05-08 00:09:30.952  INFO 2780 --- [File Watcher] rtingClassPathChangeChangedEventListener : Restarting due to 1 class path change (0 additions, 0 deletions, 1 modification)
2023-05-08 00:09:31.246  INFO 2780 --- [Thread-5] o.apache.catalina.core.StandardService   : Stopping service [Tomcat]
2023-05-08 00:09:31.320  INFO 2780 --- [Thread-5] j.LocalContainerEntityManagerFactoryBean : Closing JPA EntityManagerFactory for persistence unit 'default'
2023-05-08 00:09:31.354  INFO 2780 --- [Thread-5] com.zaxxer.hikari.HikariDataSource       : HikariPool-1 - Shutdown initiated...
2023-05-08 00:09:31.392  INFO 2780 --- [Thread-5] com.zaxxer.hikari.HikariDataSource       : HikariPool-1 - Shutdown completed.
2023-05-08 00:09:31.727  INFO 2780 --- [restartedMain] c.shopme.admin.ShopmeBackEndApplication  : Starting ShopmeBackEndApplication using Java 17.0.5 on DESKTOP-U3OF399 with PID 2780 (E:\JAVA\Project\ShopmeEcommerce\ShopmeProject\ShopmeWebParent\ShopmeBackEnd\target\classes started by TxmMinh in E:\JAVA\Project\ShopmeEcommerce\ShopmeProject\ShopmeWebParent\ShopmeBackEnd)
2023-05-08 00:09:31.729  INFO 2780 --- [restartedMain] c.shopme.admin.ShopmeBackEndApplication  : No active profile set, falling back to 1 default profile: "default"
2023-05-08 00:09:32.911  INFO 2780 --- [restartedMain] .s.d.r.c.RepositoryConfigurationDelegate : Bootstrapping Spring Data JPA repositories in DEFAULT mode.
2023-05-08 00:09:33.080  INFO 2780 --- [restartedMain] .s.d.r.c.RepositoryConfigurationDelegate : Finished Spring Data repository scanning in 167 ms. Found 2 JPA repository interfaces.
2023-05-08 00:09:34.094  INFO 2780 --- [restartedMain] o.s.b.w.embedded.tomcat.TomcatWebServer  : Tomcat initialized with port(s): 8080 (http)
2023-05-08 00:09:34.097  INFO 2780 --- [restartedMain] o.apache.catalina.core.StandardService   : Starting service [Tomcat]
2023-05-08 00:09:34.098  INFO 2780 --- [restartedMain] org.apache.catalina.core.StandardEngine  : Starting Servlet engine: [Apache Tomcat/9.0.73]
2023-05-08 00:09:34.400  INFO 2780 --- [restartedMain] o.a.c.c.C.[.[localhost].[/ShopmeAdmin]   : Initializing Spring embedded WebApplicationContext
2023-05-08 00:09:34.403  INFO 2780 --- [restartedMain] w.s.c.ServletWebServerApplicationContext : Root WebApplicationContext: initialization completed in 2667 ms
2023-05-08 00:09:34.529  INFO 2780 --- [restartedMain] o.hibernate.jpa.internal.util.LogHelper  : HHH000204: Processing PersistenceUnitInfo [name: default]
2023-05-08 00:09:34.582  INFO 2780 --- [restartedMain] com.zaxxer.hikari.HikariDataSource       : HikariPool-2 - Starting...
2023-05-08 00:09:34.584  WARN 2780 --- [restartedMain] com.zaxxer.hikari.util.DriverDataSource  : Registered driver with driverClassName=com.mysql.jdbc.Driver was not found, trying direct instantiation.
2023-05-08 00:09:34.635  INFO 2780 --- [restartedMain] com.zaxxer.hikari.HikariDataSource       : HikariPool-2 - Start completed.
2023-05-08 00:09:34.636  INFO 2780 --- [restartedMain] org.hibernate.dialect.Dialect            : HHH000400: Using dialect: org.hibernate.dialect.MySQL8Dialect
2023-05-08 00:09:35.064  INFO 2780 --- [restartedMain] o.h.e.t.j.p.i.JtaPlatformInitiator       : HHH000490: Using JtaPlatform implementation: [org.hibernate.engine.transaction.jta.platform.internal.NoJtaPlatform]
2023-05-08 00:09:35.065  INFO 2780 --- [restartedMain] j.LocalContainerEntityManagerFactoryBean : Initialized JPA EntityManagerFactory for persistence unit 'default'
2023-05-08 00:09:35.138  WARN 2780 --- [restartedMain] JpaBaseConfiguration$JpaWebConfiguration : spring.jpa.open-in-view is enabled by default. Therefore, database queries may be performed during view rendering. Explicitly configure spring.jpa.open-in-view to disable this warning
2023-05-08 00:09:35.405  WARN 2780 --- [restartedMain] o.s.s.c.a.web.builders.WebSecurity       : You are asking Spring Security to ignore Ant [pattern='/images/**']. This is not recommended -- please use permitAll via HttpSecurity#authorizeHttpRequests instead.
2023-05-08 00:09:35.406  INFO 2780 --- [restartedMain] o.s.s.web.DefaultSecurityFilterChain     : Will not secure Ant [pattern='/images/**']
2023-05-08 00:09:35.500  WARN 2780 --- [restartedMain] o.s.s.c.a.web.builders.WebSecurity       : You are asking Spring Security to ignore Ant [pattern='/js/**']. This is not recommended -- please use permitAll via HttpSecurity#authorizeHttpRequests instead.
2023-05-08 00:09:35.500  INFO 2780 --- [restartedMain] o.s.s.web.DefaultSecurityFilterChain     : Will not secure Ant [pattern='/js/**']
2023-05-08 00:09:35.500  WARN 2780 --- [restartedMain] o.s.s.c.a.web.builders.WebSecurity       : You are asking Spring Security to ignore Ant [pattern='/webjars/**']. This is not recommended -- please use permitAll via HttpSecurity#authorizeHttpRequests instead.
2023-05-08 00:09:35.500  INFO 2780 --- [restartedMain] o.s.s.web.DefaultSecurityFilterChain     : Will not secure Ant [pattern='/webjars/**']
2023-05-08 00:09:35.531  INFO 2780 --- [restartedMain] o.s.s.web.DefaultSecurityFilterChain     : Will secure any request with [org.springframework.security.web.session.DisableEncodeUrlFilter@7e6e9259, org.springframework.security.web.context.request.async.WebAsyncManagerIntegrationFilter@60ce5a71, org.springframework.security.web.context.SecurityContextPersistenceFilter@64983ec2, org.springframework.security.web.header.HeaderWriterFilter@7378898a, org.springframework.security.web.csrf.CsrfFilter@fc8c5f2, org.springframework.security.web.authentication.logout.LogoutFilter@31d1c847, org.springframework.security.web.authentication.UsernamePasswordAuthenticationFilter@5bdb2467, org.springframework.security.web.savedrequest.RequestCacheAwareFilter@5ba74326, org.springframework.security.web.servletapi.SecurityContextHolderAwareRequestFilter@6ca4b501, org.springframework.security.web.authentication.rememberme.RememberMeAuthenticationFilter@55855a4d, org.springframework.security.web.authentication.AnonymousAuthenticationFilter@6234b213, org.springframework.security.web.session.SessionManagementFilter@2db689d3, org.springframework.security.web.access.ExceptionTranslationFilter@7988d116, org.springframework.security.web.access.intercept.FilterSecurityInterceptor@2a76890c]
2023-05-08 00:09:35.714  INFO 2780 --- [restartedMain] o.s.b.a.w.s.WelcomePageHandlerMapping    : Adding welcome page template: index
2023-05-08 00:09:36.597  INFO 2780 --- [restartedMain] o.s.b.d.a.OptionalLiveReloadServer       : LiveReload server is running on port 35729
2023-05-08 00:09:36.647  INFO 2780 --- [restartedMain] o.s.b.w.embedded.tomcat.TomcatWebServer  : Tomcat started on port(s): 8080 (http) with context path '/ShopmeAdmin'
2023-05-08 00:09:36.664  INFO 2780 --- [restartedMain] c.shopme.admin.ShopmeBackEndApplication  : Started ShopmeBackEndApplication in 5.029 seconds (JVM running for 1769.27)
2023-05-08 00:09:36.670  INFO 2780 --- [restartedMain] .ConditionEvaluationDeltaLoggingListener : Condition evaluation unchanged
2023-05-08 00:09:54.746  INFO 2780 --- [File Watcher] rtingClassPathChangeChangedEventListener : Restarting due to 1 class path change (0 additions, 0 deletions, 1 modification)
2023-05-08 00:09:54.772  INFO 2780 --- [Thread-7] o.apache.catalina.core.StandardService   : Stopping service [Tomcat]
2023-05-08 00:09:54.778  INFO 2780 --- [Thread-7] j.LocalContainerEntityManagerFactoryBean : Closing JPA EntityManagerFactory for persistence unit 'default'
2023-05-08 00:09:54.779  INFO 2780 --- [Thread-7] com.zaxxer.hikari.HikariDataSource       : HikariPool-2 - Shutdown initiated...
2023-05-08 00:09:54.787  INFO 2780 --- [Thread-7] com.zaxxer.hikari.HikariDataSource       : HikariPool-2 - Shutdown completed.
2023-05-08 00:10:44.334  INFO 2780 --- [restartedMain] c.shopme.admin.ShopmeBackEndApplication  : Starting ShopmeBackEndApplication using Java 17.0.5 on DESKTOP-U3OF399 with PID 2780 (E:\JAVA\Project\ShopmeEcommerce\ShopmeProject\ShopmeWebParent\ShopmeBackEnd\target\classes started by TxmMinh in E:\JAVA\Project\ShopmeEcommerce\ShopmeProject\ShopmeWebParent\ShopmeBackEnd)
2023-05-08 00:10:44.335  INFO 2780 --- [restartedMain] c.shopme.admin.ShopmeBackEndApplication  : No active profile set, falling back to 1 default profile: "default"
2023-05-08 00:10:44.680  INFO 2780 --- [restartedMain] .s.d.r.c.RepositoryConfigurationDelegate : Bootstrapping Spring Data JPA repositories in DEFAULT mode.
2023-05-08 00:10:44.717  INFO 2780 --- [restartedMain] .s.d.r.c.RepositoryConfigurationDelegate : Finished Spring Data repository scanning in 37 ms. Found 2 JPA repository interfaces.
2023-05-08 00:10:45.019  INFO 2780 --- [restartedMain] o.s.b.w.embedded.tomcat.TomcatWebServer  : Tomcat initialized with port(s): 8080 (http)
2023-05-08 00:10:45.021  INFO 2780 --- [restartedMain] o.apache.catalina.core.StandardService   : Starting service [Tomcat]
2023-05-08 00:10:45.021  INFO 2780 --- [restartedMain] org.apache.catalina.core.StandardEngine  : Starting Servlet engine: [Apache Tomcat/9.0.73]
2023-05-08 00:10:45.124  INFO 2780 --- [restartedMain] o.a.c.c.C.[.[localhost].[/ShopmeAdmin]   : Initializing Spring embedded WebApplicationContext
2023-05-08 00:10:45.125  INFO 2780 --- [restartedMain] w.s.c.ServletWebServerApplicationContext : Root WebApplicationContext: initialization completed in 785 ms
2023-05-08 00:10:45.201  INFO 2780 --- [restartedMain] o.hibernate.jpa.internal.util.LogHelper  : HHH000204: Processing PersistenceUnitInfo [name: default]
2023-05-08 00:10:45.211  INFO 2780 --- [restartedMain] com.zaxxer.hikari.HikariDataSource       : HikariPool-4 - Starting...
2023-05-08 00:10:45.211  WARN 2780 --- [restartedMain] com.zaxxer.hikari.util.DriverDataSource  : Registered driver with driverClassName=com.mysql.jdbc.Driver was not found, trying direct instantiation.
2023-05-08 00:10:45.233  INFO 2780 --- [restartedMain] com.zaxxer.hikari.HikariDataSource       : HikariPool-4 - Start completed.
2023-05-08 00:10:45.234  INFO 2780 --- [restartedMain] org.hibernate.dialect.Dialect            : HHH000400: Using dialect: org.hibernate.dialect.MySQL8Dialect
2023-05-08 00:10:45.415  INFO 2780 --- [restartedMain] o.h.e.t.j.p.i.JtaPlatformInitiator       : HHH000490: Using JtaPlatform implementation: [org.hibernate.engine.transaction.jta.platform.internal.NoJtaPlatform]
2023-05-08 00:10:45.415  INFO 2780 --- [restartedMain] j.LocalContainerEntityManagerFactoryBean : Initialized JPA EntityManagerFactory for persistence unit 'default'
2023-05-08 00:10:45.479  WARN 2780 --- [restartedMain] JpaBaseConfiguration$JpaWebConfiguration : spring.jpa.open-in-view is enabled by default. Therefore, database queries may be performed during view rendering. Explicitly configure spring.jpa.open-in-view to disable this warning
2023-05-08 00:10:45.920  WARN 2780 --- [restartedMain] o.s.s.c.a.web.builders.WebSecurity       : You are asking Spring Security to ignore Ant [pattern='/images/**']. This is not recommended -- please use permitAll via HttpSecurity#authorizeHttpRequests instead.
2023-05-08 00:10:45.920  INFO 2780 --- [restartedMain] o.s.s.web.DefaultSecurityFilterChain     : Will not secure Ant [pattern='/images/**']
2023-05-08 00:10:45.921  WARN 2780 --- [restartedMain] o.s.s.c.a.web.builders.WebSecurity       : You are asking Spring Security to ignore Ant [pattern='/js/**']. This is not recommended -- please use permitAll via HttpSecurity#authorizeHttpRequests instead.
2023-05-08 00:10:45.921  INFO 2780 --- [restartedMain] o.s.s.web.DefaultSecurityFilterChain     : Will not secure Ant [pattern='/js/**']
2023-05-08 00:10:45.922  WARN 2780 --- [restartedMain] o.s.s.c.a.web.builders.WebSecurity       : You are asking Spring Security to ignore Ant [pattern='/webjars/**']. This is not recommended -- please use permitAll via HttpSecurity#authorizeHttpRequests instead.
2023-05-08 00:10:45.922  INFO 2780 --- [restartedMain] o.s.s.web.DefaultSecurityFilterChain     : Will not secure Ant [pattern='/webjars/**']
2023-05-08 00:10:45.951  INFO 2780 --- [restartedMain] o.s.s.web.DefaultSecurityFilterChain     : Will secure any request with [org.springframework.security.web.session.DisableEncodeUrlFilter@74613dbf, org.springframework.security.web.context.request.async.WebAsyncManagerIntegrationFilter@5ae4b215, org.springframework.security.web.context.SecurityContextPersistenceFilter@63e353bc, org.springframework.security.web.header.HeaderWriterFilter@16e7d236, org.springframework.security.web.csrf.CsrfFilter@5c133f33, org.springframework.security.web.authentication.logout.LogoutFilter@14849977, org.springframework.security.web.authentication.UsernamePasswordAuthenticationFilter@4ae0befb, org.springframework.security.web.savedrequest.RequestCacheAwareFilter@30051f4, org.springframework.security.web.servletapi.SecurityContextHolderAwareRequestFilter@2bde55c0, org.springframework.security.web.authentication.rememberme.RememberMeAuthenticationFilter@7794fa14, org.springframework.security.web.authentication.AnonymousAuthenticationFilter@15bcc8d4, org.springframework.security.web.session.SessionManagementFilter@26cc0af1, org.springframework.security.web.access.ExceptionTranslationFilter@362ac539, org.springframework.security.web.access.intercept.FilterSecurityInterceptor@54ff5a9c]
2023-05-08 00:10:46.077  INFO 2780 --- [restartedMain] o.s.b.a.w.s.WelcomePageHandlerMapping    : Adding welcome page template: index
2023-05-08 00:10:46.657  INFO 2780 --- [restartedMain] o.s.b.d.a.OptionalLiveReloadServer       : LiveReload server is running on port 35729
2023-05-08 00:10:46.676  INFO 2780 --- [restartedMain] o.s.b.w.embedded.tomcat.TomcatWebServer  : Tomcat started on port(s): 8080 (http) with context path '/ShopmeAdmin'
2023-05-08 00:10:46.687  INFO 2780 --- [restartedMain] c.shopme.admin.ShopmeBackEndApplication  : Started ShopmeBackEndApplication in 2.408 seconds (JVM running for 1839.292)
2023-05-08 00:10:46.694  INFO 2780 --- [restartedMain] .ConditionEvaluationDeltaLoggingListener : Condition evaluation unchanged
2023-05-08 00:10:56.345  INFO 2780 --- [File Watcher] rtingClassPathChangeChangedEventListener : Restarting due to 1 class path change (0 additions, 0 deletions, 1 modification)
2023-05-08 00:10:56.370  INFO 2780 --- [Thread-17] o.apache.catalina.core.StandardService   : Stopping service [Tomcat]
2023-05-08 00:10:56.375  INFO 2780 --- [Thread-17] j.LocalContainerEntityManagerFactoryBean : Closing JPA EntityManagerFactory for persistence unit 'default'
2023-05-08 00:10:56.377  INFO 2780 --- [Thread-17] com.zaxxer.hikari.HikariDataSource       : HikariPool-4 - Shutdown initiated...
2023-05-08 00:10:56.385  INFO 2780 --- [Thread-17] com.zaxxer.hikari.HikariDataSource       : HikariPool-4 - Shutdown completed.
2023-05-08 00:10:56.497  INFO 2780 --- [restartedMain] c.shopme.admin.ShopmeBackEndApplication  : Starting ShopmeBackEndApplication using Java 17.0.5 on DESKTOP-U3OF399 with PID 2780 (E:\JAVA\Project\ShopmeEcommerce\ShopmeProject\ShopmeWebParent\ShopmeBackEnd\target\classes started by TxmMinh in E:\JAVA\Project\ShopmeEcommerce\ShopmeProject\ShopmeWebParent\ShopmeBackEnd)
2023-05-08 00:10:56.497  INFO 2780 --- [restartedMain] c.shopme.admin.ShopmeBackEndApplication  : No active profile set, falling back to 1 default profile: "default"
2023-05-08 00:10:56.914  INFO 2780 --- [restartedMain] .s.d.r.c.RepositoryConfigurationDelegate : Bootstrapping Spring Data JPA repositories in DEFAULT mode.
2023-05-08 00:10:56.946  INFO 2780 --- [restartedMain] .s.d.r.c.RepositoryConfigurationDelegate : Finished Spring Data repository scanning in 31 ms. Found 2 JPA repository interfaces.
2023-05-08 00:10:57.167  INFO 2780 --- [restartedMain] o.s.b.w.embedded.tomcat.TomcatWebServer  : Tomcat initialized with port(s): 8080 (http)
2023-05-08 00:10:57.168  INFO 2780 --- [restartedMain] o.apache.catalina.core.StandardService   : Starting service [Tomcat]
2023-05-08 00:10:57.169  INFO 2780 --- [restartedMain] org.apache.catalina.core.StandardEngine  : Starting Servlet engine: [Apache Tomcat/9.0.73]
2023-05-08 00:10:57.219  INFO 2780 --- [restartedMain] o.a.c.c.C.[.[localhost].[/ShopmeAdmin]   : Initializing Spring embedded WebApplicationContext
2023-05-08 00:10:57.220  INFO 2780 --- [restartedMain] w.s.c.ServletWebServerApplicationContext : Root WebApplicationContext: initialization completed in 720 ms
2023-05-08 00:10:57.271  INFO 2780 --- [restartedMain] o.hibernate.jpa.internal.util.LogHelper  : HHH000204: Processing PersistenceUnitInfo [name: default]
2023-05-08 00:10:57.280  INFO 2780 --- [restartedMain] com.zaxxer.hikari.HikariDataSource       : HikariPool-5 - Starting...
2023-05-08 00:10:57.280  WARN 2780 --- [restartedMain] com.zaxxer.hikari.util.DriverDataSource  : Registered driver with driverClassName=com.mysql.jdbc.Driver was not found, trying direct instantiation.
2023-05-08 00:10:57.296  INFO 2780 --- [restartedMain] com.zaxxer.hikari.HikariDataSource       : HikariPool-5 - Start completed.
2023-05-08 00:10:57.297  INFO 2780 --- [restartedMain] org.hibernate.dialect.Dialect            : HHH000400: Using dialect: org.hibernate.dialect.MySQL8Dialect
2023-05-08 00:10:57.395  INFO 2780 --- [restartedMain] o.h.e.t.j.p.i.JtaPlatformInitiator       : HHH000490: Using JtaPlatform implementation: [org.hibernate.engine.transaction.jta.platform.internal.NoJtaPlatform]
2023-05-08 00:10:57.396  INFO 2780 --- [restartedMain] j.LocalContainerEntityManagerFactoryBean : Initialized JPA EntityManagerFactory for persistence unit 'default'
2023-05-08 00:10:57.460  WARN 2780 --- [restartedMain] JpaBaseConfiguration$JpaWebConfiguration : spring.jpa.open-in-view is enabled by default. Therefore, database queries may be performed during view rendering. Explicitly configure spring.jpa.open-in-view to disable this warning
2023-05-08 00:10:57.685  WARN 2780 --- [restartedMain] o.s.s.c.a.web.builders.WebSecurity       : You are asking Spring Security to ignore Ant [pattern='/images/**']. This is not recommended -- please use permitAll via HttpSecurity#authorizeHttpRequests instead.
2023-05-08 00:10:57.686  INFO 2780 --- [restartedMain] o.s.s.web.DefaultSecurityFilterChain     : Will not secure Ant [pattern='/images/**']
2023-05-08 00:10:57.686  WARN 2780 --- [restartedMain] o.s.s.c.a.web.builders.WebSecurity       : You are asking Spring Security to ignore Ant [pattern='/js/**']. This is not recommended -- please use permitAll via HttpSecurity#authorizeHttpRequests instead.
2023-05-08 00:10:57.686  INFO 2780 --- [restartedMain] o.s.s.web.DefaultSecurityFilterChain     : Will not secure Ant [pattern='/js/**']
2023-05-08 00:10:57.686  WARN 2780 --- [restartedMain] o.s.s.c.a.web.builders.WebSecurity       : You are asking Spring Security to ignore Ant [pattern='/webjars/**']. This is not recommended -- please use permitAll via HttpSecurity#authorizeHttpRequests instead.
2023-05-08 00:10:57.686  INFO 2780 --- [restartedMain] o.s.s.web.DefaultSecurityFilterChain     : Will not secure Ant [pattern='/webjars/**']
2023-05-08 00:10:57.701  INFO 2780 --- [restartedMain] o.s.s.web.DefaultSecurityFilterChain     : Will secure any request with [org.springframework.security.web.session.DisableEncodeUrlFilter@7716b204, org.springframework.security.web.context.request.async.WebAsyncManagerIntegrationFilter@6c50ca3, org.springframework.security.web.context.SecurityContextPersistenceFilter@478b4e51, org.springframework.security.web.header.HeaderWriterFilter@977c740, org.springframework.security.web.csrf.CsrfFilter@539f2949, org.springframework.security.web.authentication.logout.LogoutFilter@59be985b, org.springframework.security.web.authentication.UsernamePasswordAuthenticationFilter@18a2e006, org.springframework.security.web.savedrequest.RequestCacheAwareFilter@39a026b7, org.springframework.security.web.servletapi.SecurityContextHolderAwareRequestFilter@edabb04, org.springframework.security.web.authentication.rememberme.RememberMeAuthenticationFilter@59955e4b, org.springframework.security.web.authentication.AnonymousAuthenticationFilter@9e86ead, org.springframework.security.web.session.SessionManagementFilter@6d74e7d7, org.springframework.security.web.access.ExceptionTranslationFilter@1bfcb532, org.springframework.security.web.access.intercept.FilterSecurityInterceptor@50742ad7]
2023-05-08 00:10:57.794  INFO 2780 --- [restartedMain] o.s.b.a.w.s.WelcomePageHandlerMapping    : Adding welcome page template: index
2023-05-08 00:10:58.576  INFO 2780 --- [restartedMain] o.s.b.d.a.OptionalLiveReloadServer       : LiveReload server is running on port 35729
2023-05-08 00:10:58.603  INFO 2780 --- [restartedMain] o.s.b.w.embedded.tomcat.TomcatWebServer  : Tomcat started on port(s): 8080 (http) with context path '/ShopmeAdmin'
2023-05-08 00:10:58.612  INFO 2780 --- [restartedMain] c.shopme.admin.ShopmeBackEndApplication  : Started ShopmeBackEndApplication in 2.166 seconds (JVM running for 1851.218)
2023-05-08 00:10:58.616  INFO 2780 --- [restartedMain] .ConditionEvaluationDeltaLoggingListener : Condition evaluation unchanged
2023-05-08 00:11:22.734  INFO 2780 --- [File Watcher] rtingClassPathChangeChangedEventListener : Restarting due to 1 class path change (0 additions, 0 deletions, 1 modification)
2023-05-08 00:11:22.763  INFO 2780 --- [Thread-21] o.apache.catalina.core.StandardService   : Stopping service [Tomcat]
2023-05-08 00:11:22.772  INFO 2780 --- [Thread-21] j.LocalContainerEntityManagerFactoryBean : Closing JPA EntityManagerFactory for persistence unit 'default'
2023-05-08 00:11:22.773  INFO 2780 --- [Thread-21] com.zaxxer.hikari.HikariDataSource       : HikariPool-5 - Shutdown initiated...
2023-05-08 00:11:22.784  INFO 2780 --- [Thread-21] com.zaxxer.hikari.HikariDataSource       : HikariPool-5 - Shutdown completed.
2023-05-08 00:11:22.894  INFO 2780 --- [restartedMain] c.shopme.admin.ShopmeBackEndApplication  : Starting ShopmeBackEndApplication using Java 17.0.5 on DESKTOP-U3OF399 with PID 2780 (E:\JAVA\Project\ShopmeEcommerce\ShopmeProject\ShopmeWebParent\ShopmeBackEnd\target\classes started by TxmMinh in E:\JAVA\Project\ShopmeEcommerce\ShopmeProject\ShopmeWebParent\ShopmeBackEnd)
2023-05-08 00:11:22.895  INFO 2780 --- [restartedMain] c.shopme.admin.ShopmeBackEndApplication  : No active profile set, falling back to 1 default profile: "default"
2023-05-08 00:11:23.338  INFO 2780 --- [restartedMain] .s.d.r.c.RepositoryConfigurationDelegate : Bootstrapping Spring Data JPA repositories in DEFAULT mode.
2023-05-08 00:11:23.368  INFO 2780 --- [restartedMain] .s.d.r.c.RepositoryConfigurationDelegate : Finished Spring Data repository scanning in 30 ms. Found 2 JPA repository interfaces.
2023-05-08 00:11:23.534  INFO 2780 --- [restartedMain] o.s.b.w.embedded.tomcat.TomcatWebServer  : Tomcat initialized with port(s): 8080 (http)
2023-05-08 00:11:23.535  INFO 2780 --- [restartedMain] o.apache.catalina.core.StandardService   : Starting service [Tomcat]
2023-05-08 00:11:23.535  INFO 2780 --- [restartedMain] org.apache.catalina.core.StandardEngine  : Starting Servlet engine: [Apache Tomcat/9.0.73]
2023-05-08 00:11:23.612  INFO 2780 --- [restartedMain] o.a.c.c.C.[.[localhost].[/ShopmeAdmin]   : Initializing Spring embedded WebApplicationContext
2023-05-08 00:11:23.612  INFO 2780 --- [restartedMain] w.s.c.ServletWebServerApplicationContext : Root WebApplicationContext: initialization completed in 713 ms
2023-05-08 00:11:23.673  INFO 2780 --- [restartedMain] o.hibernate.jpa.internal.util.LogHelper  : HHH000204: Processing PersistenceUnitInfo [name: default]
2023-05-08 00:11:23.682  INFO 2780 --- [restartedMain] com.zaxxer.hikari.HikariDataSource       : HikariPool-6 - Starting...
2023-05-08 00:11:23.683  WARN 2780 --- [restartedMain] com.zaxxer.hikari.util.DriverDataSource  : Registered driver with driverClassName=com.mysql.jdbc.Driver was not found, trying direct instantiation.
2023-05-08 00:11:23.702  INFO 2780 --- [restartedMain] com.zaxxer.hikari.HikariDataSource       : HikariPool-6 - Start completed.
2023-05-08 00:11:23.703  INFO 2780 --- [restartedMain] org.hibernate.dialect.Dialect            : HHH000400: Using dialect: org.hibernate.dialect.MySQL8Dialect
2023-05-08 00:11:23.818  INFO 2780 --- [restartedMain] o.h.e.t.j.p.i.JtaPlatformInitiator       : HHH000490: Using JtaPlatform implementation: [org.hibernate.engine.transaction.jta.platform.internal.NoJtaPlatform]
2023-05-08 00:11:23.818  INFO 2780 --- [restartedMain] j.LocalContainerEntityManagerFactoryBean : Initialized JPA EntityManagerFactory for persistence unit 'default'
2023-05-08 00:11:23.888  WARN 2780 --- [restartedMain] JpaBaseConfiguration$JpaWebConfiguration : spring.jpa.open-in-view is enabled by default. Therefore, database queries may be performed during view rendering. Explicitly configure spring.jpa.open-in-view to disable this warning
2023-05-08 00:11:24.135  WARN 2780 --- [restartedMain] o.s.s.c.a.web.builders.WebSecurity       : You are asking Spring Security to ignore Ant [pattern='/images/**']. This is not recommended -- please use permitAll via HttpSecurity#authorizeHttpRequests instead.
2023-05-08 00:11:24.136  INFO 2780 --- [restartedMain] o.s.s.web.DefaultSecurityFilterChain     : Will not secure Ant [pattern='/images/**']
2023-05-08 00:11:24.136  WARN 2780 --- [restartedMain] o.s.s.c.a.web.builders.WebSecurity       : You are asking Spring Security to ignore Ant [pattern='/js/**']. This is not recommended -- please use permitAll via HttpSecurity#authorizeHttpRequests instead.
2023-05-08 00:11:24.136  INFO 2780 --- [restartedMain] o.s.s.web.DefaultSecurityFilterChain     : Will not secure Ant [pattern='/js/**']
2023-05-08 00:11:24.136  WARN 2780 --- [restartedMain] o.s.s.c.a.web.builders.WebSecurity       : You are asking Spring Security to ignore Ant [pattern='/webjars/**']. This is not recommended -- please use permitAll via HttpSecurity#authorizeHttpRequests instead.
2023-05-08 00:11:24.136  INFO 2780 --- [restartedMain] o.s.s.web.DefaultSecurityFilterChain     : Will not secure Ant [pattern='/webjars/**']
2023-05-08 00:11:24.158  INFO 2780 --- [restartedMain] o.s.s.web.DefaultSecurityFilterChain     : Will secure any request with [org.springframework.security.web.session.DisableEncodeUrlFilter@43bd83d, org.springframework.security.web.context.request.async.WebAsyncManagerIntegrationFilter@14c53fd8, org.springframework.security.web.context.SecurityContextPersistenceFilter@3a484305, org.springframework.security.web.header.HeaderWriterFilter@699fd7f6, org.springframework.security.web.csrf.CsrfFilter@2c31ecc2, org.springframework.security.web.authentication.logout.LogoutFilter@54fe8a4b, org.springframework.security.web.authentication.UsernamePasswordAuthenticationFilter@5f47c5b6, org.springframework.security.web.savedrequest.RequestCacheAwareFilter@457b1ecf, org.springframework.security.web.servletapi.SecurityContextHolderAwareRequestFilter@52cc41f1, org.springframework.security.web.authentication.rememberme.RememberMeAuthenticationFilter@177e9387, org.springframework.security.web.authentication.AnonymousAuthenticationFilter@75ce2283, org.springframework.security.web.session.SessionManagementFilter@193cfb1c, org.springframework.security.web.access.ExceptionTranslationFilter@3e382e85, org.springframework.security.web.access.intercept.FilterSecurityInterceptor@3a65516b]
2023-05-08 00:11:24.290  INFO 2780 --- [restartedMain] o.s.b.a.w.s.WelcomePageHandlerMapping    : Adding welcome page template: index
2023-05-08 00:11:25.073  INFO 2780 --- [restartedMain] o.s.b.d.a.OptionalLiveReloadServer       : LiveReload server is running on port 35729
2023-05-08 00:11:25.107  INFO 2780 --- [restartedMain] o.s.b.w.embedded.tomcat.TomcatWebServer  : Tomcat started on port(s): 8080 (http) with context path '/ShopmeAdmin'
2023-05-08 00:11:25.118  INFO 2780 --- [restartedMain] c.shopme.admin.ShopmeBackEndApplication  : Started ShopmeBackEndApplication in 2.271 seconds (JVM running for 1877.724)
2023-05-08 00:11:25.122  INFO 2780 --- [restartedMain] .ConditionEvaluationDeltaLoggingListener : Condition evaluation unchanged
2023-05-08 00:11:30.700  INFO 2780 --- [http-nio-8080-exec-1] o.a.c.c.C.[.[localhost].[/ShopmeAdmin]   : Initializing Spring DispatcherServlet 'dispatcherServlet'
2023-05-08 00:11:30.701  INFO 2780 --- [http-nio-8080-exec-1] o.s.web.servlet.DispatcherServlet        : Initializing Servlet 'dispatcherServlet'
2023-05-08 00:11:30.707  INFO 2780 --- [http-nio-8080-exec-1] o.s.web.servlet.DispatcherServlet        : Completed initialization in 6 ms
2023-05-08 00:11:31.260  WARN 2780 --- [http-nio-8080-exec-1] o.a.c.util.SessionIdGeneratorBase        : Creation of SecureRandom instance for session ID generation using [SHA1PRNG] took [367] milliseconds.
2023-05-08 00:13:14.265  INFO 2780 --- [File Watcher] rtingClassPathChangeChangedEventListener : Restarting due to 1 class path change (0 additions, 0 deletions, 1 modification)
2023-05-08 00:13:14.519  INFO 2780 --- [Thread-25] o.apache.catalina.core.StandardService   : Stopping service [Tomcat]
2023-05-08 00:13:14.530  INFO 2780 --- [Thread-25] o.a.c.c.C.[.[localhost].[/ShopmeAdmin]   : Destroying Spring FrameworkServlet 'dispatcherServlet'
2023-05-08 00:13:14.814  INFO 2780 --- [Thread-25] j.LocalContainerEntityManagerFactoryBean : Closing JPA EntityManagerFactory for persistence unit 'default'
2023-05-08 00:13:14.826  INFO 2780 --- [Thread-25] com.zaxxer.hikari.HikariDataSource       : HikariPool-6 - Shutdown initiated...
2023-05-08 00:13:14.888  INFO 2780 --- [Thread-25] com.zaxxer.hikari.HikariDataSource       : HikariPool-6 - Shutdown completed.
2023-05-08 00:13:15.306  INFO 2780 --- [restartedMain] c.shopme.admin.ShopmeBackEndApplication  : Starting ShopmeBackEndApplication using Java 17.0.5 on DESKTOP-U3OF399 with PID 2780 (E:\JAVA\Project\ShopmeEcommerce\ShopmeProject\ShopmeWebParent\ShopmeBackEnd\target\classes started by TxmMinh in E:\JAVA\Project\ShopmeEcommerce\ShopmeProject\ShopmeWebParent\ShopmeBackEnd)
2023-05-08 00:13:15.306  INFO 2780 --- [restartedMain] c.shopme.admin.ShopmeBackEndApplication  : No active profile set, falling back to 1 default profile: "default"
2023-05-08 00:13:16.300  INFO 2780 --- [restartedMain] .s.d.r.c.RepositoryConfigurationDelegate : Bootstrapping Spring Data JPA repositories in DEFAULT mode.
2023-05-08 00:13:16.372  INFO 2780 --- [restartedMain] .s.d.r.c.RepositoryConfigurationDelegate : Finished Spring Data repository scanning in 71 ms. Found 2 JPA repository interfaces.
2023-05-08 00:13:16.802  INFO 2780 --- [restartedMain] o.s.b.w.embedded.tomcat.TomcatWebServer  : Tomcat initialized with port(s): 8080 (http)
2023-05-08 00:13:16.804  INFO 2780 --- [restartedMain] o.apache.catalina.core.StandardService   : Starting service [Tomcat]
2023-05-08 00:13:16.804  INFO 2780 --- [restartedMain] org.apache.catalina.core.StandardEngine  : Starting Servlet engine: [Apache Tomcat/9.0.73]
2023-05-08 00:13:16.906  INFO 2780 --- [restartedMain] o.a.c.c.C.[.[localhost].[/ShopmeAdmin]   : Initializing Spring embedded WebApplicationContext
2023-05-08 00:13:16.906  INFO 2780 --- [restartedMain] w.s.c.ServletWebServerApplicationContext : Root WebApplicationContext: initialization completed in 1591 ms
2023-05-08 00:13:17.085  INFO 2780 --- [restartedMain] o.hibernate.jpa.internal.util.LogHelper  : HHH000204: Processing PersistenceUnitInfo [name: default]
2023-05-08 00:13:17.106  INFO 2780 --- [restartedMain] com.zaxxer.hikari.HikariDataSource       : HikariPool-7 - Starting...
2023-05-08 00:13:17.106  WARN 2780 --- [restartedMain] com.zaxxer.hikari.util.DriverDataSource  : Registered driver with driverClassName=com.mysql.jdbc.Driver was not found, trying direct instantiation.
2023-05-08 00:13:17.219  INFO 2780 --- [restartedMain] com.zaxxer.hikari.HikariDataSource       : HikariPool-7 - Start completed.
2023-05-08 00:13:17.220  INFO 2780 --- [restartedMain] org.hibernate.dialect.Dialect            : HHH000400: Using dialect: org.hibernate.dialect.MySQL8Dialect
2023-05-08 00:13:17.410  INFO 2780 --- [restartedMain] o.h.e.t.j.p.i.JtaPlatformInitiator       : HHH000490: Using JtaPlatform implementation: [org.hibernate.engine.transaction.jta.platform.internal.NoJtaPlatform]
2023-05-08 00:13:17.411  INFO 2780 --- [restartedMain] j.LocalContainerEntityManagerFactoryBean : Initialized JPA EntityManagerFactory for persistence unit 'default'
2023-05-08 00:13:17.481  WARN 2780 --- [restartedMain] JpaBaseConfiguration$JpaWebConfiguration : spring.jpa.open-in-view is enabled by default. Therefore, database queries may be performed during view rendering. Explicitly configure spring.jpa.open-in-view to disable this warning
2023-05-08 00:13:17.989  WARN 2780 --- [restartedMain] o.s.s.c.a.web.builders.WebSecurity       : You are asking Spring Security to ignore Ant [pattern='/images/**']. This is not recommended -- please use permitAll via HttpSecurity#authorizeHttpRequests instead.
2023-05-08 00:13:17.991  INFO 2780 --- [restartedMain] o.s.s.web.DefaultSecurityFilterChain     : Will not secure Ant [pattern='/images/**']
2023-05-08 00:13:17.991  WARN 2780 --- [restartedMain] o.s.s.c.a.web.builders.WebSecurity       : You are asking Spring Security to ignore Ant [pattern='/js/**']. This is not recommended -- please use permitAll via HttpSecurity#authorizeHttpRequests instead.
2023-05-08 00:13:17.992  INFO 2780 --- [restartedMain] o.s.s.web.DefaultSecurityFilterChain     : Will not secure Ant [pattern='/js/**']
2023-05-08 00:13:17.992  WARN 2780 --- [restartedMain] o.s.s.c.a.web.builders.WebSecurity       : You are asking Spring Security to ignore Ant [pattern='/webjars/**']. This is not recommended -- please use permitAll via HttpSecurity#authorizeHttpRequests instead.
2023-05-08 00:13:17.992  INFO 2780 --- [restartedMain] o.s.s.web.DefaultSecurityFilterChain     : Will not secure Ant [pattern='/webjars/**']
2023-05-08 00:13:18.017  INFO 2780 --- [restartedMain] o.s.s.web.DefaultSecurityFilterChain     : Will secure any request with [org.springframework.security.web.session.DisableEncodeUrlFilter@6a26eee9, org.springframework.security.web.context.request.async.WebAsyncManagerIntegrationFilter@6a9c7afe, org.springframework.security.web.context.SecurityContextPersistenceFilter@38441956, org.springframework.security.web.header.HeaderWriterFilter@7e8c62f5, org.springframework.security.web.csrf.CsrfFilter@58fdc0de, org.springframework.security.web.authentication.logout.LogoutFilter@578df494, org.springframework.security.web.authentication.UsernamePasswordAuthenticationFilter@100b94c3, org.springframework.security.web.savedrequest.RequestCacheAwareFilter@3c324c3b, org.springframework.security.web.servletapi.SecurityContextHolderAwareRequestFilter@21341a82, org.springframework.security.web.authentication.rememberme.RememberMeAuthenticationFilter@3221dd59, org.springframework.security.web.authentication.AnonymousAuthenticationFilter@267d46e2, org.springframework.security.web.session.SessionManagementFilter@e09c379, org.springframework.security.web.access.ExceptionTranslationFilter@4300845, org.springframework.security.web.access.intercept.FilterSecurityInterceptor@9213360]
2023-05-08 00:13:18.171  INFO 2780 --- [restartedMain] o.s.b.a.w.s.WelcomePageHandlerMapping    : Adding welcome page template: index
2023-05-08 00:13:19.560  INFO 2780 --- [restartedMain] o.s.b.d.a.OptionalLiveReloadServer       : LiveReload server is running on port 35729
2023-05-08 00:13:19.596  INFO 2780 --- [restartedMain] o.s.b.w.embedded.tomcat.TomcatWebServer  : Tomcat started on port(s): 8080 (http) with context path '/ShopmeAdmin'
2023-05-08 00:13:19.606  INFO 2780 --- [restartedMain] c.shopme.admin.ShopmeBackEndApplication  : Started ShopmeBackEndApplication in 4.394 seconds (JVM running for 1992.212)
2023-05-08 00:13:19.611  INFO 2780 --- [restartedMain] .ConditionEvaluationDeltaLoggingListener : Condition evaluation unchanged
2023-05-08 00:13:52.183  INFO 2780 --- [File Watcher] rtingClassPathChangeChangedEventListener : Restarting due to 1 class path change (0 additions, 0 deletions, 1 modification)
2023-05-08 00:13:52.206  INFO 2780 --- [Thread-29] o.apache.catalina.core.StandardService   : Stopping service [Tomcat]
2023-05-08 00:13:52.215  INFO 2780 --- [Thread-29] j.LocalContainerEntityManagerFactoryBean : Closing JPA EntityManagerFactory for persistence unit 'default'
2023-05-08 00:13:52.216  INFO 2780 --- [Thread-29] com.zaxxer.hikari.HikariDataSource       : HikariPool-7 - Shutdown initiated...
2023-05-08 00:13:52.224  INFO 2780 --- [Thread-29] com.zaxxer.hikari.HikariDataSource       : HikariPool-7 - Shutdown completed.
2023-05-08 00:18:56.162  INFO 16920 --- [restartedMain] c.shopme.admin.ShopmeBackEndApplication  : Starting ShopmeBackEndApplication using Java 17.0.5 on DESKTOP-U3OF399 with PID 16920 (E:\JAVA\Project\ShopmeEcommerce\ShopmeProject\ShopmeWebParent\ShopmeBackEnd\target\classes started by TxmMinh in E:\JAVA\Project\ShopmeEcommerce\ShopmeProject\ShopmeWebParent\ShopmeBackEnd)
2023-05-08 00:18:56.256  INFO 16920 --- [restartedMain] c.shopme.admin.ShopmeBackEndApplication  : No active profile set, falling back to 1 default profile: "default"
2023-05-08 00:18:56.358  INFO 16920 --- [restartedMain] .e.DevToolsPropertyDefaultsPostProcessor : Devtools property defaults active! Set 'spring.devtools.add-properties' to 'false' to disable
2023-05-08 00:18:56.358  INFO 16920 --- [restartedMain] .e.DevToolsPropertyDefaultsPostProcessor : For additional web related logging consider setting the 'logging.level.web' property to 'DEBUG'
2023-05-08 00:18:57.255  INFO 16920 --- [restartedMain] .s.d.r.c.RepositoryConfigurationDelegate : Bootstrapping Spring Data JPA repositories in DEFAULT mode.
2023-05-08 00:18:57.324  INFO 16920 --- [restartedMain] .s.d.r.c.RepositoryConfigurationDelegate : Finished Spring Data repository scanning in 54 ms. Found 2 JPA repository interfaces.
2023-05-08 00:18:58.096  INFO 16920 --- [restartedMain] o.s.b.w.embedded.tomcat.TomcatWebServer  : Tomcat initialized with port(s): 8080 (http)
2023-05-08 00:18:58.114  INFO 16920 --- [restartedMain] o.apache.catalina.core.StandardService   : Starting service [Tomcat]
2023-05-08 00:18:58.115  INFO 16920 --- [restartedMain] org.apache.catalina.core.StandardEngine  : Starting Servlet engine: [Apache Tomcat/9.0.73]
2023-05-08 00:18:58.248  INFO 16920 --- [restartedMain] o.a.c.c.C.[.[localhost].[/ShopmeAdmin]   : Initializing Spring embedded WebApplicationContext
2023-05-08 00:18:58.249  INFO 16920 --- [restartedMain] w.s.c.ServletWebServerApplicationContext : Root WebApplicationContext: initialization completed in 1890 ms
2023-05-08 00:18:58.542  INFO 16920 --- [restartedMain] o.hibernate.jpa.internal.util.LogHelper  : HHH000204: Processing PersistenceUnitInfo [name: default]
2023-05-08 00:18:58.645  INFO 16920 --- [restartedMain] org.hibernate.Version                    : HHH000412: Hibernate ORM core version 5.6.15.Final
2023-05-08 00:18:59.039  INFO 16920 --- [restartedMain] o.hibernate.annotations.common.Version   : HCANN000001: Hibernate Commons Annotations {5.1.2.Final}
2023-05-08 00:18:59.170  INFO 16920 --- [restartedMain] com.zaxxer.hikari.HikariDataSource       : HikariPool-1 - Starting...
2023-05-08 00:18:59.178  WARN 16920 --- [restartedMain] com.zaxxer.hikari.util.DriverDataSource  : Registered driver with driverClassName=com.mysql.jdbc.Driver was not found, trying direct instantiation.
2023-05-08 00:18:59.565  INFO 16920 --- [restartedMain] com.zaxxer.hikari.HikariDataSource       : HikariPool-1 - Start completed.
2023-05-08 00:18:59.580  INFO 16920 --- [restartedMain] org.hibernate.dialect.Dialect            : HHH000400: Using dialect: org.hibernate.dialect.MySQL8Dialect
2023-05-08 00:19:00.414  INFO 16920 --- [restartedMain] o.h.e.t.j.p.i.JtaPlatformInitiator       : HHH000490: Using JtaPlatform implementation: [org.hibernate.engine.transaction.jta.platform.internal.NoJtaPlatform]
2023-05-08 00:19:00.425  INFO 16920 --- [restartedMain] j.LocalContainerEntityManagerFactoryBean : Initialized JPA EntityManagerFactory for persistence unit 'default'
2023-05-08 00:19:00.481  WARN 16920 --- [restartedMain] JpaBaseConfiguration$JpaWebConfiguration : spring.jpa.open-in-view is enabled by default. Therefore, database queries may be performed during view rendering. Explicitly configure spring.jpa.open-in-view to disable this warning
2023-05-08 00:19:01.080  WARN 16920 --- [restartedMain] o.s.s.c.a.web.builders.WebSecurity       : You are asking Spring Security to ignore Ant [pattern='/images/**']. This is not recommended -- please use permitAll via HttpSecurity#authorizeHttpRequests instead.
2023-05-08 00:19:01.081  INFO 16920 --- [restartedMain] o.s.s.web.DefaultSecurityFilterChain     : Will not secure Ant [pattern='/images/**']
2023-05-08 00:19:01.081  WARN 16920 --- [restartedMain] o.s.s.c.a.web.builders.WebSecurity       : You are asking Spring Security to ignore Ant [pattern='/js/**']. This is not recommended -- please use permitAll via HttpSecurity#authorizeHttpRequests instead.
2023-05-08 00:19:01.081  INFO 16920 --- [restartedMain] o.s.s.web.DefaultSecurityFilterChain     : Will not secure Ant [pattern='/js/**']
2023-05-08 00:19:01.081  WARN 16920 --- [restartedMain] o.s.s.c.a.web.builders.WebSecurity       : You are asking Spring Security to ignore Ant [pattern='/webjars/**']. This is not recommended -- please use permitAll via HttpSecurity#authorizeHttpRequests instead.
2023-05-08 00:19:01.081  INFO 16920 --- [restartedMain] o.s.s.web.DefaultSecurityFilterChain     : Will not secure Ant [pattern='/webjars/**']
2023-05-08 00:19:01.139  INFO 16920 --- [restartedMain] o.s.s.web.DefaultSecurityFilterChain     : Will secure any request with [org.springframework.security.web.session.DisableEncodeUrlFilter@11ae1e47, org.springframework.security.web.context.request.async.WebAsyncManagerIntegrationFilter@1df7963f, org.springframework.security.web.context.SecurityContextPersistenceFilter@210202c9, org.springframework.security.web.header.HeaderWriterFilter@57cb521d, org.springframework.security.web.csrf.CsrfFilter@26910de0, org.springframework.security.web.authentication.logout.LogoutFilter@159e1b2c, org.springframework.security.web.authentication.UsernamePasswordAuthenticationFilter@470b12bc, org.springframework.security.web.savedrequest.RequestCacheAwareFilter@24020a55, org.springframework.security.web.servletapi.SecurityContextHolderAwareRequestFilter@29edf2ec, org.springframework.security.web.authentication.rememberme.RememberMeAuthenticationFilter@5addbff5, org.springframework.security.web.authentication.AnonymousAuthenticationFilter@3ed0dada, org.springframework.security.web.session.SessionManagementFilter@7306389a, org.springframework.security.web.access.ExceptionTranslationFilter@4fdacd93, org.springframework.security.web.access.intercept.FilterSecurityInterceptor@3478adb2]
2023-05-08 00:19:01.317  INFO 16920 --- [restartedMain] o.s.b.a.w.s.WelcomePageHandlerMapping    : Adding welcome page template: index
2023-05-08 00:19:01.949  INFO 16920 --- [restartedMain] o.s.b.d.a.OptionalLiveReloadServer       : LiveReload server is running on port 35729
2023-05-08 00:19:01.992  INFO 16920 --- [restartedMain] o.s.b.w.embedded.tomcat.TomcatWebServer  : Tomcat started on port(s): 8080 (http) with context path '/ShopmeAdmin'
2023-05-08 00:19:02.004  INFO 16920 --- [restartedMain] c.shopme.admin.ShopmeBackEndApplication  : Started ShopmeBackEndApplication in 6.565 seconds (JVM running for 7.637)
