2023-05-09 00:19:42.514  INFO 16920 --- [SpringApplicationShutdownHook] j.LocalContainerEntityManagerFactoryBean : Closing JPA EntityManagerFactory for persistence unit 'default'
2023-05-09 00:19:42.522  INFO 16920 --- [SpringApplicationShutdownHook] com.zaxxer.hikari.HikariDataSource       : HikariPool-1 - Shutdown initiated...
2023-05-09 00:19:42.543  INFO 16920 --- [SpringApplicationShutdownHook] com.zaxxer.hikari.HikariDataSource       : HikariPool-1 - Shutdown completed.
2023-05-09 00:19:55.151  INFO 21536 --- [restartedMain] c.shopme.admin.ShopmeBackEndApplication  : Starting ShopmeBackEndApplication using Java 17.0.5 on DESKTOP-U3OF399 with PID 21536 (E:\JAVA\Project\ShopmeEcommerce\ShopmeProject\ShopmeWebParent\ShopmeBackEnd\target\classes started by TxmMinh in E:\JAVA\Project\ShopmeEcommerce\ShopmeProject\ShopmeWebParent\ShopmeBackEnd)
2023-05-09 00:19:55.163  INFO 21536 --- [restartedMain] c.shopme.admin.ShopmeBackEndApplication  : No active profile set, falling back to 1 default profile: "default"
2023-05-09 00:19:55.339  INFO 21536 --- [restartedMain] .e.DevToolsPropertyDefaultsPostProcessor : Devtools property defaults active! Set 'spring.devtools.add-properties' to 'false' to disable
2023-05-09 00:19:55.339  INFO 21536 --- [restartedMain] .e.DevToolsPropertyDefaultsPostProcessor : For additional web related logging consider setting the 'logging.level.web' property to 'DEBUG'
2023-05-09 00:19:57.603  INFO 21536 --- [restartedMain] .s.d.r.c.RepositoryConfigurationDelegate : Bootstrapping Spring Data JPA repositories in DEFAULT mode.
2023-05-09 00:19:57.872  INFO 21536 --- [restartedMain] .s.d.r.c.RepositoryConfigurationDelegate : Finished Spring Data repository scanning in 240 ms. Found 2 JPA repository interfaces.
2023-05-09 00:20:00.046  INFO 21536 --- [restartedMain] o.s.b.w.embedded.tomcat.TomcatWebServer  : Tomcat initialized with port(s): 8080 (http)
2023-05-09 00:20:00.070  INFO 21536 --- [restartedMain] o.apache.catalina.core.StandardService   : Starting service [Tomcat]
2023-05-09 00:20:00.071  INFO 21536 --- [restartedMain] org.apache.catalina.core.StandardEngine  : Starting Servlet engine: [Apache Tomcat/9.0.73]
2023-05-09 00:20:00.470  INFO 21536 --- [restartedMain] o.a.c.c.C.[.[localhost].[/ShopmeAdmin]   : Initializing Spring embedded WebApplicationContext
2023-05-09 00:20:00.470  INFO 21536 --- [restartedMain] w.s.c.ServletWebServerApplicationContext : Root WebApplicationContext: initialization completed in 5130 ms
2023-05-09 00:20:01.061  INFO 21536 --- [restartedMain] o.hibernate.jpa.internal.util.LogHelper  : HHH000204: Processing PersistenceUnitInfo [name: default]
2023-05-09 00:20:01.220  INFO 21536 --- [restartedMain] org.hibernate.Version                    : HHH000412: Hibernate ORM core version 5.6.15.Final
2023-05-09 00:20:01.930  INFO 21536 --- [restartedMain] o.hibernate.annotations.common.Version   : HCANN000001: Hibernate Commons Annotations {5.1.2.Final}
2023-05-09 00:20:02.381  INFO 21536 --- [restartedMain] com.zaxxer.hikari.HikariDataSource       : HikariPool-1 - Starting...
2023-05-09 00:20:02.397  WARN 21536 --- [restartedMain] com.zaxxer.hikari.util.DriverDataSource  : Registered driver with driverClassName=com.mysql.jdbc.Driver was not found, trying direct instantiation.
2023-05-09 00:20:03.298  INFO 21536 --- [restartedMain] com.zaxxer.hikari.HikariDataSource       : HikariPool-1 - Start completed.
2023-05-09 00:20:03.351  INFO 21536 --- [restartedMain] org.hibernate.dialect.Dialect            : HHH000400: Using dialect: org.hibernate.dialect.MySQL8Dialect
2023-05-09 00:20:05.897  INFO 21536 --- [restartedMain] o.h.e.t.j.p.i.JtaPlatformInitiator       : HHH000490: Using JtaPlatform implementation: [org.hibernate.engine.transaction.jta.platform.internal.NoJtaPlatform]
2023-05-09 00:20:05.923  INFO 21536 --- [restartedMain] j.LocalContainerEntityManagerFactoryBean : Initialized JPA EntityManagerFactory for persistence unit 'default'
2023-05-09 00:20:06.080  WARN 21536 --- [restartedMain] JpaBaseConfiguration$JpaWebConfiguration : spring.jpa.open-in-view is enabled by default. Therefore, database queries may be performed during view rendering. Explicitly configure spring.jpa.open-in-view to disable this warning
2023-05-09 00:20:07.811  WARN 21536 --- [restartedMain] o.s.s.c.a.web.builders.WebSecurity       : You are asking Spring Security to ignore Ant [pattern='/images/**']. This is not recommended -- please use permitAll via HttpSecurity#authorizeHttpRequests instead.
2023-05-09 00:20:07.812  INFO 21536 --- [restartedMain] o.s.s.web.DefaultSecurityFilterChain     : Will not secure Ant [pattern='/images/**']
2023-05-09 00:20:07.813  WARN 21536 --- [restartedMain] o.s.s.c.a.web.builders.WebSecurity       : You are asking Spring Security to ignore Ant [pattern='/js/**']. This is not recommended -- please use permitAll via HttpSecurity#authorizeHttpRequests instead.
2023-05-09 00:20:07.814  INFO 21536 --- [restartedMain] o.s.s.web.DefaultSecurityFilterChain     : Will not secure Ant [pattern='/js/**']
2023-05-09 00:20:07.814  WARN 21536 --- [restartedMain] o.s.s.c.a.web.builders.WebSecurity       : You are asking Spring Security to ignore Ant [pattern='/webjars/**']. This is not recommended -- please use permitAll via HttpSecurity#authorizeHttpRequests instead.
2023-05-09 00:20:07.814  INFO 21536 --- [restartedMain] o.s.s.web.DefaultSecurityFilterChain     : Will not secure Ant [pattern='/webjars/**']
2023-05-09 00:20:07.970  INFO 21536 --- [restartedMain] o.s.s.web.DefaultSecurityFilterChain     : Will secure any request with [org.springframework.security.web.session.DisableEncodeUrlFilter@dff5af3, org.springframework.security.web.context.request.async.WebAsyncManagerIntegrationFilter@1957ab4e, org.springframework.security.web.context.SecurityContextPersistenceFilter@48c5b472, org.springframework.security.web.header.HeaderWriterFilter@f7daef8, org.springframework.security.web.csrf.CsrfFilter@698491bb, org.springframework.security.web.authentication.logout.LogoutFilter@19c66e04, org.springframework.security.web.authentication.UsernamePasswordAuthenticationFilter@598778fb, org.springframework.security.web.savedrequest.RequestCacheAwareFilter@2a2cde3, org.springframework.security.web.servletapi.SecurityContextHolderAwareRequestFilter@72d5e5a7, org.springframework.security.web.authentication.rememberme.RememberMeAuthenticationFilter@7ac75a8e, org.springframework.security.web.authentication.AnonymousAuthenticationFilter@2cc9e2dc, org.springframework.security.web.session.SessionManagementFilter@34f0138c, org.springframework.security.web.access.ExceptionTranslationFilter@1d80f3c7, org.springframework.security.web.access.intercept.FilterSecurityInterceptor@42143e6]
2023-05-09 00:20:08.505  INFO 21536 --- [restartedMain] o.s.b.a.w.s.WelcomePageHandlerMapping    : Adding welcome page template: index
2023-05-09 00:20:10.413  INFO 21536 --- [restartedMain] o.s.b.d.a.OptionalLiveReloadServer       : LiveReload server is running on port 35729
2023-05-09 00:20:10.522  INFO 21536 --- [restartedMain] o.s.b.w.embedded.tomcat.TomcatWebServer  : Tomcat started on port(s): 8080 (http) with context path '/ShopmeAdmin'
2023-05-09 00:20:10.555  INFO 21536 --- [restartedMain] c.shopme.admin.ShopmeBackEndApplication  : Started ShopmeBackEndApplication in 16.406 seconds (JVM running for 18.549)
2023-05-08 00:26:56.214  INFO 21536 --- [File Watcher] rtingClassPathChangeChangedEventListener : Restarting due to 1 class path change (0 additions, 1 deletion, 0 modifications)
2023-05-08 00:26:57.100  INFO 21536 --- [Thread-5] o.apache.catalina.core.StandardService   : Stopping service [Tomcat]
2023-05-08 00:26:57.333  INFO 21536 --- [Thread-5] j.LocalContainerEntityManagerFactoryBean : Closing JPA EntityManagerFactory for persistence unit 'default'
2023-05-08 00:26:57.448  INFO 21536 --- [Thread-5] com.zaxxer.hikari.HikariDataSource       : HikariPool-1 - Shutdown initiated...
2023-05-08 00:26:57.599  INFO 21536 --- [Thread-5] com.zaxxer.hikari.HikariDataSource       : HikariPool-1 - Shutdown completed.
2023-05-08 00:26:58.582  INFO 21536 --- [restartedMain] c.shopme.admin.ShopmeBackEndApplication  : Starting ShopmeBackEndApplication using Java 17.0.5 on DESKTOP-U3OF399 with PID 21536 (E:\JAVA\Project\ShopmeEcommerce\ShopmeProject\ShopmeWebParent\ShopmeBackEnd\target\classes started by TxmMinh in E:\JAVA\Project\ShopmeEcommerce\ShopmeProject\ShopmeWebParent\ShopmeBackEnd)
2023-05-08 00:26:58.584  INFO 21536 --- [restartedMain] c.shopme.admin.ShopmeBackEndApplication  : No active profile set, falling back to 1 default profile: "default"
2023-05-08 00:27:00.251  INFO 21536 --- [restartedMain] .s.d.r.c.RepositoryConfigurationDelegate : Bootstrapping Spring Data JPA repositories in DEFAULT mode.
2023-05-08 00:27:00.387  INFO 21536 --- [restartedMain] .s.d.r.c.RepositoryConfigurationDelegate : Finished Spring Data repository scanning in 134 ms. Found 2 JPA repository interfaces.
2023-05-08 00:27:01.217  INFO 21536 --- [restartedMain] o.s.b.w.embedded.tomcat.TomcatWebServer  : Tomcat initialized with port(s): 8080 (http)
2023-05-08 00:27:01.221  INFO 21536 --- [restartedMain] o.apache.catalina.core.StandardService   : Starting service [Tomcat]
2023-05-08 00:27:01.223  INFO 21536 --- [restartedMain] org.apache.catalina.core.StandardEngine  : Starting Servlet engine: [Apache Tomcat/9.0.73]
2023-05-08 00:27:01.619  INFO 21536 --- [restartedMain] o.a.c.c.C.[.[localhost].[/ShopmeAdmin]   : Initializing Spring embedded WebApplicationContext
2023-05-08 00:27:01.620  INFO 21536 --- [restartedMain] w.s.c.ServletWebServerApplicationContext : Root WebApplicationContext: initialization completed in 3027 ms
2023-05-08 00:27:01.787  INFO 21536 --- [restartedMain] o.hibernate.jpa.internal.util.LogHelper  : HHH000204: Processing PersistenceUnitInfo [name: default]
2023-05-08 00:27:01.805  INFO 21536 --- [restartedMain] com.zaxxer.hikari.HikariDataSource       : HikariPool-2 - Starting...
2023-05-08 00:27:01.805  WARN 21536 --- [restartedMain] com.zaxxer.hikari.util.DriverDataSource  : Registered driver with driverClassName=com.mysql.jdbc.Driver was not found, trying direct instantiation.
2023-05-08 00:27:01.932  INFO 21536 --- [restartedMain] com.zaxxer.hikari.HikariDataSource       : HikariPool-2 - Start completed.
2023-05-08 00:27:01.933  INFO 21536 --- [restartedMain] org.hibernate.dialect.Dialect            : HHH000400: Using dialect: org.hibernate.dialect.MySQL8Dialect
2023-05-08 00:27:02.355  INFO 21536 --- [restartedMain] o.h.e.t.j.p.i.JtaPlatformInitiator       : HHH000490: Using JtaPlatform implementation: [org.hibernate.engine.transaction.jta.platform.internal.NoJtaPlatform]
2023-05-08 00:27:02.355  INFO 21536 --- [restartedMain] j.LocalContainerEntityManagerFactoryBean : Initialized JPA EntityManagerFactory for persistence unit 'default'
2023-05-08 00:27:02.440  WARN 21536 --- [restartedMain] JpaBaseConfiguration$JpaWebConfiguration : spring.jpa.open-in-view is enabled by default. Therefore, database queries may be performed during view rendering. Explicitly configure spring.jpa.open-in-view to disable this warning
2023-05-08 00:27:02.754  WARN 21536 --- [restartedMain] o.s.s.c.a.web.builders.WebSecurity       : You are asking Spring Security to ignore Ant [pattern='/images/**']. This is not recommended -- please use permitAll via HttpSecurity#authorizeHttpRequests instead.
2023-05-08 00:27:02.756  INFO 21536 --- [restartedMain] o.s.s.web.DefaultSecurityFilterChain     : Will not secure Ant [pattern='/images/**']
2023-05-08 00:27:02.756  WARN 21536 --- [restartedMain] o.s.s.c.a.web.builders.WebSecurity       : You are asking Spring Security to ignore Ant [pattern='/js/**']. This is not recommended -- please use permitAll via HttpSecurity#authorizeHttpRequests instead.
2023-05-08 00:27:02.756  INFO 21536 --- [restartedMain] o.s.s.web.DefaultSecurityFilterChain     : Will not secure Ant [pattern='/js/**']
2023-05-08 00:27:02.756  WARN 21536 --- [restartedMain] o.s.s.c.a.web.builders.WebSecurity       : You are asking Spring Security to ignore Ant [pattern='/webjars/**']. This is not recommended -- please use permitAll via HttpSecurity#authorizeHttpRequests instead.
2023-05-08 00:27:02.756  INFO 21536 --- [restartedMain] o.s.s.web.DefaultSecurityFilterChain     : Will not secure Ant [pattern='/webjars/**']
2023-05-08 00:27:02.805  INFO 21536 --- [restartedMain] o.s.s.web.DefaultSecurityFilterChain     : Will secure any request with [org.springframework.security.web.session.DisableEncodeUrlFilter@6cc1a133, org.springframework.security.web.context.request.async.WebAsyncManagerIntegrationFilter@736a682a, org.springframework.security.web.context.SecurityContextPersistenceFilter@4c8657aa, org.springframework.security.web.header.HeaderWriterFilter@13bfd327, org.springframework.security.web.csrf.CsrfFilter@6c609e4f, org.springframework.security.web.authentication.logout.LogoutFilter@2a37b6a3, org.springframework.security.web.authentication.UsernamePasswordAuthenticationFilter@6190abae, org.springframework.security.web.savedrequest.RequestCacheAwareFilter@7c3c573e, org.springframework.security.web.servletapi.SecurityContextHolderAwareRequestFilter@11f79575, org.springframework.security.web.authentication.rememberme.RememberMeAuthenticationFilter@4c6c0f56, org.springframework.security.web.authentication.AnonymousAuthenticationFilter@17437032, org.springframework.security.web.session.SessionManagementFilter@247c278c, org.springframework.security.web.access.ExceptionTranslationFilter@556bb87, org.springframework.security.web.access.intercept.FilterSecurityInterceptor@73f8f1]
2023-05-08 00:27:03.394  INFO 21536 --- [restartedMain] o.s.b.a.w.s.WelcomePageHandlerMapping    : Adding welcome page template: index
2023-05-08 00:27:04.815  INFO 21536 --- [restartedMain] o.s.b.d.a.OptionalLiveReloadServer       : LiveReload server is running on port 35729
2023-05-08 00:27:04.938  INFO 21536 --- [restartedMain] o.s.b.w.embedded.tomcat.TomcatWebServer  : Tomcat started on port(s): 8080 (http) with context path '/ShopmeAdmin'
2023-05-08 00:27:05.015  INFO 21536 --- [restartedMain] c.shopme.admin.ShopmeBackEndApplication  : Started ShopmeBackEndApplication in 6.568 seconds (JVM running for 429.949)
2023-05-08 00:27:05.040  INFO 21536 --- [restartedMain] .ConditionEvaluationDeltaLoggingListener : Condition evaluation unchanged
2023-05-08 00:27:08.324  INFO 21536 --- [File Watcher] rtingClassPathChangeChangedEventListener : Restarting due to 1 class path change (1 addition, 0 deletions, 0 modifications)
2023-05-08 00:27:08.366  INFO 21536 --- [Thread-7] o.apache.catalina.core.StandardService   : Stopping service [Tomcat]
2023-05-08 00:27:08.382  INFO 21536 --- [Thread-7] j.LocalContainerEntityManagerFactoryBean : Closing JPA EntityManagerFactory for persistence unit 'default'
2023-05-08 00:27:08.389  INFO 21536 --- [Thread-7] com.zaxxer.hikari.HikariDataSource       : HikariPool-2 - Shutdown initiated...
2023-05-08 00:27:08.408  INFO 21536 --- [Thread-7] com.zaxxer.hikari.HikariDataSource       : HikariPool-2 - Shutdown completed.
2023-05-08 00:27:08.639  INFO 21536 --- [restartedMain] c.shopme.admin.ShopmeBackEndApplication  : Starting ShopmeBackEndApplication using Java 17.0.5 on DESKTOP-U3OF399 with PID 21536 (E:\JAVA\Project\ShopmeEcommerce\ShopmeProject\ShopmeWebParent\ShopmeBackEnd\target\classes started by TxmMinh in E:\JAVA\Project\ShopmeEcommerce\ShopmeProject\ShopmeWebParent\ShopmeBackEnd)
2023-05-08 00:27:08.639  INFO 21536 --- [restartedMain] c.shopme.admin.ShopmeBackEndApplication  : No active profile set, falling back to 1 default profile: "default"
2023-05-08 00:27:09.647  INFO 21536 --- [restartedMain] .s.d.r.c.RepositoryConfigurationDelegate : Bootstrapping Spring Data JPA repositories in DEFAULT mode.
2023-05-08 00:27:09.685  INFO 21536 --- [restartedMain] .s.d.r.c.RepositoryConfigurationDelegate : Finished Spring Data repository scanning in 37 ms. Found 2 JPA repository interfaces.
2023-05-08 00:27:10.140  INFO 21536 --- [restartedMain] o.s.b.w.embedded.tomcat.TomcatWebServer  : Tomcat initialized with port(s): 8080 (http)
2023-05-08 00:27:10.142  INFO 21536 --- [restartedMain] o.apache.catalina.core.StandardService   : Starting service [Tomcat]
2023-05-08 00:27:10.142  INFO 21536 --- [restartedMain] org.apache.catalina.core.StandardEngine  : Starting Servlet engine: [Apache Tomcat/9.0.73]
2023-05-08 00:27:10.248  INFO 21536 --- [restartedMain] o.a.c.c.C.[.[localhost].[/ShopmeAdmin]   : Initializing Spring embedded WebApplicationContext
2023-05-08 00:27:10.249  INFO 21536 --- [restartedMain] w.s.c.ServletWebServerApplicationContext : Root WebApplicationContext: initialization completed in 1601 ms
2023-05-08 00:27:10.500  INFO 21536 --- [restartedMain] o.hibernate.jpa.internal.util.LogHelper  : HHH000204: Processing PersistenceUnitInfo [name: default]
2023-05-08 00:27:10.522  INFO 21536 --- [restartedMain] com.zaxxer.hikari.HikariDataSource       : HikariPool-3 - Starting...
2023-05-08 00:27:10.523  WARN 21536 --- [restartedMain] com.zaxxer.hikari.util.DriverDataSource  : Registered driver with driverClassName=com.mysql.jdbc.Driver was not found, trying direct instantiation.
2023-05-08 00:27:10.558  INFO 21536 --- [restartedMain] com.zaxxer.hikari.HikariDataSource       : HikariPool-3 - Start completed.
2023-05-08 00:27:10.560  INFO 21536 --- [restartedMain] org.hibernate.dialect.Dialect            : HHH000400: Using dialect: org.hibernate.dialect.MySQL8Dialect
2023-05-08 00:27:10.816  INFO 21536 --- [restartedMain] o.h.e.t.j.p.i.JtaPlatformInitiator       : HHH000490: Using JtaPlatform implementation: [org.hibernate.engine.transaction.jta.platform.internal.NoJtaPlatform]
2023-05-08 00:27:10.817  INFO 21536 --- [restartedMain] j.LocalContainerEntityManagerFactoryBean : Initialized JPA EntityManagerFactory for persistence unit 'default'
2023-05-08 00:27:10.905  WARN 21536 --- [restartedMain] JpaBaseConfiguration$JpaWebConfiguration : spring.jpa.open-in-view is enabled by default. Therefore, database queries may be performed during view rendering. Explicitly configure spring.jpa.open-in-view to disable this warning
2023-05-08 00:27:11.165  WARN 21536 --- [restartedMain] o.s.s.c.a.web.builders.WebSecurity       : You are asking Spring Security to ignore Ant [pattern='/images/**']. This is not recommended -- please use permitAll via HttpSecurity#authorizeHttpRequests instead.
2023-05-08 00:27:11.166  INFO 21536 --- [restartedMain] o.s.s.web.DefaultSecurityFilterChain     : Will not secure Ant [pattern='/images/**']
2023-05-08 00:27:11.166  WARN 21536 --- [restartedMain] o.s.s.c.a.web.builders.WebSecurity       : You are asking Spring Security to ignore Ant [pattern='/js/**']. This is not recommended -- please use permitAll via HttpSecurity#authorizeHttpRequests instead.
2023-05-08 00:27:11.167  INFO 21536 --- [restartedMain] o.s.s.web.DefaultSecurityFilterChain     : Will not secure Ant [pattern='/js/**']
2023-05-08 00:27:11.167  WARN 21536 --- [restartedMain] o.s.s.c.a.web.builders.WebSecurity       : You are asking Spring Security to ignore Ant [pattern='/webjars/**']. This is not recommended -- please use permitAll via HttpSecurity#authorizeHttpRequests instead.
2023-05-08 00:27:11.167  INFO 21536 --- [restartedMain] o.s.s.web.DefaultSecurityFilterChain     : Will not secure Ant [pattern='/webjars/**']
2023-05-08 00:27:11.191  INFO 21536 --- [restartedMain] o.s.s.web.DefaultSecurityFilterChain     : Will secure any request with [org.springframework.security.web.session.DisableEncodeUrlFilter@5cdee001, org.springframework.security.web.context.request.async.WebAsyncManagerIntegrationFilter@3d7ff7ec, org.springframework.security.web.context.SecurityContextPersistenceFilter@312a19b2, org.springframework.security.web.header.HeaderWriterFilter@6123a161, org.springframework.security.web.csrf.CsrfFilter@34c76214, org.springframework.security.web.authentication.logout.LogoutFilter@7810a2c, org.springframework.security.web.authentication.UsernamePasswordAuthenticationFilter@6461c4d5, org.springframework.security.web.savedrequest.RequestCacheAwareFilter@34528274, org.springframework.security.web.servletapi.SecurityContextHolderAwareRequestFilter@48060536, org.springframework.security.web.authentication.rememberme.RememberMeAuthenticationFilter@7c7e830, org.springframework.security.web.authentication.AnonymousAuthenticationFilter@57d2dbfa, org.springframework.security.web.session.SessionManagementFilter@3e720baa, org.springframework.security.web.access.ExceptionTranslationFilter@4ab9e893, org.springframework.security.web.access.intercept.FilterSecurityInterceptor@4da58caa]
2023-05-08 00:27:11.343  INFO 21536 --- [restartedMain] o.s.b.a.w.s.WelcomePageHandlerMapping    : Adding welcome page template: index
2023-05-08 00:27:12.290  INFO 21536 --- [restartedMain] o.s.b.d.a.OptionalLiveReloadServer       : LiveReload server is running on port 35729
2023-05-08 00:27:12.353  INFO 21536 --- [restartedMain] o.s.b.w.embedded.tomcat.TomcatWebServer  : Tomcat started on port(s): 8080 (http) with context path '/ShopmeAdmin'
2023-05-08 00:27:12.366  INFO 21536 --- [restartedMain] c.shopme.admin.ShopmeBackEndApplication  : Started ShopmeBackEndApplication in 3.84 seconds (JVM running for 437.301)
2023-05-08 00:27:12.370  INFO 21536 --- [restartedMain] .ConditionEvaluationDeltaLoggingListener : Condition evaluation unchanged
2023-05-08 00:27:36.501  INFO 21536 --- [File Watcher] rtingClassPathChangeChangedEventListener : Restarting due to 1 class path change (0 additions, 1 deletion, 0 modifications)
2023-05-08 00:27:36.575  INFO 21536 --- [Thread-11] o.apache.catalina.core.StandardService   : Stopping service [Tomcat]
2023-05-08 00:27:36.589  INFO 21536 --- [Thread-11] j.LocalContainerEntityManagerFactoryBean : Closing JPA EntityManagerFactory for persistence unit 'default'
2023-05-08 00:27:36.590  INFO 21536 --- [Thread-11] com.zaxxer.hikari.HikariDataSource       : HikariPool-3 - Shutdown initiated...
2023-05-08 00:27:36.605  INFO 21536 --- [Thread-11] com.zaxxer.hikari.HikariDataSource       : HikariPool-3 - Shutdown completed.
2023-05-08 00:27:36.997  INFO 21536 --- [restartedMain] c.shopme.admin.ShopmeBackEndApplication  : Starting ShopmeBackEndApplication using Java 17.0.5 on DESKTOP-U3OF399 with PID 21536 (E:\JAVA\Project\ShopmeEcommerce\ShopmeProject\ShopmeWebParent\ShopmeBackEnd\target\classes started by TxmMinh in E:\JAVA\Project\ShopmeEcommerce\ShopmeProject\ShopmeWebParent\ShopmeBackEnd)
2023-05-08 00:27:36.998  INFO 21536 --- [restartedMain] c.shopme.admin.ShopmeBackEndApplication  : No active profile set, falling back to 1 default profile: "default"
2023-05-08 00:27:37.890  INFO 21536 --- [restartedMain] .s.d.r.c.RepositoryConfigurationDelegate : Bootstrapping Spring Data JPA repositories in DEFAULT mode.
2023-05-08 00:27:37.960  INFO 21536 --- [restartedMain] .s.d.r.c.RepositoryConfigurationDelegate : Finished Spring Data repository scanning in 70 ms. Found 2 JPA repository interfaces.
2023-05-08 00:27:38.597  INFO 21536 --- [restartedMain] o.s.b.w.embedded.tomcat.TomcatWebServer  : Tomcat initialized with port(s): 8080 (http)
2023-05-08 00:27:38.599  INFO 21536 --- [restartedMain] o.apache.catalina.core.StandardService   : Starting service [Tomcat]
2023-05-08 00:27:38.600  INFO 21536 --- [restartedMain] org.apache.catalina.core.StandardEngine  : Starting Servlet engine: [Apache Tomcat/9.0.73]
2023-05-08 00:27:38.685  INFO 21536 --- [restartedMain] o.a.c.c.C.[.[localhost].[/ShopmeAdmin]   : Initializing Spring embedded WebApplicationContext
2023-05-08 00:27:38.685  INFO 21536 --- [restartedMain] w.s.c.ServletWebServerApplicationContext : Root WebApplicationContext: initialization completed in 1682 ms
2023-05-08 00:27:38.807  INFO 21536 --- [restartedMain] o.hibernate.jpa.internal.util.LogHelper  : HHH000204: Processing PersistenceUnitInfo [name: default]
2023-05-08 00:27:38.823  INFO 21536 --- [restartedMain] com.zaxxer.hikari.HikariDataSource       : HikariPool-4 - Starting...
2023-05-08 00:27:38.824  WARN 21536 --- [restartedMain] com.zaxxer.hikari.util.DriverDataSource  : Registered driver with driverClassName=com.mysql.jdbc.Driver was not found, trying direct instantiation.
2023-05-08 00:27:38.892  INFO 21536 --- [restartedMain] com.zaxxer.hikari.HikariDataSource       : HikariPool-4 - Start completed.
2023-05-08 00:27:38.894  INFO 21536 --- [restartedMain] org.hibernate.dialect.Dialect            : HHH000400: Using dialect: org.hibernate.dialect.MySQL8Dialect
2023-05-08 00:27:39.192  INFO 21536 --- [restartedMain] o.h.e.t.j.p.i.JtaPlatformInitiator       : HHH000490: Using JtaPlatform implementation: [org.hibernate.engine.transaction.jta.platform.internal.NoJtaPlatform]
2023-05-08 00:27:39.193  INFO 21536 --- [restartedMain] j.LocalContainerEntityManagerFactoryBean : Initialized JPA EntityManagerFactory for persistence unit 'default'
2023-05-08 00:27:39.263  WARN 21536 --- [restartedMain] JpaBaseConfiguration$JpaWebConfiguration : spring.jpa.open-in-view is enabled by default. Therefore, database queries may be performed during view rendering. Explicitly configure spring.jpa.open-in-view to disable this warning
2023-05-08 00:27:39.586  WARN 21536 --- [restartedMain] o.s.s.c.a.web.builders.WebSecurity       : You are asking Spring Security to ignore Ant [pattern='/images/**']. This is not recommended -- please use permitAll via HttpSecurity#authorizeHttpRequests instead.
2023-05-08 00:27:39.588  INFO 21536 --- [restartedMain] o.s.s.web.DefaultSecurityFilterChain     : Will not secure Ant [pattern='/images/**']
2023-05-08 00:27:39.588  WARN 21536 --- [restartedMain] o.s.s.c.a.web.builders.WebSecurity       : You are asking Spring Security to ignore Ant [pattern='/js/**']. This is not recommended -- please use permitAll via HttpSecurity#authorizeHttpRequests instead.
2023-05-08 00:27:39.588  INFO 21536 --- [restartedMain] o.s.s.web.DefaultSecurityFilterChain     : Will not secure Ant [pattern='/js/**']
2023-05-08 00:27:39.588  WARN 21536 --- [restartedMain] o.s.s.c.a.web.builders.WebSecurity       : You are asking Spring Security to ignore Ant [pattern='/webjars/**']. This is not recommended -- please use permitAll via HttpSecurity#authorizeHttpRequests instead.
2023-05-08 00:27:39.588  INFO 21536 --- [restartedMain] o.s.s.web.DefaultSecurityFilterChain     : Will not secure Ant [pattern='/webjars/**']
2023-05-08 00:27:39.624  INFO 21536 --- [restartedMain] o.s.s.web.DefaultSecurityFilterChain     : Will secure any request with [org.springframework.security.web.session.DisableEncodeUrlFilter@51ed327a, org.springframework.security.web.context.request.async.WebAsyncManagerIntegrationFilter@103f82a8, org.springframework.security.web.context.SecurityContextPersistenceFilter@688130ae, org.springframework.security.web.header.HeaderWriterFilter@1756ff0d, org.springframework.security.web.csrf.CsrfFilter@3bfd04be, org.springframework.security.web.authentication.logout.LogoutFilter@25031b9, org.springframework.security.web.authentication.UsernamePasswordAuthenticationFilter@2db3b192, org.springframework.security.web.savedrequest.RequestCacheAwareFilter@2886210c, org.springframework.security.web.servletapi.SecurityContextHolderAwareRequestFilter@8081d86, org.springframework.security.web.authentication.rememberme.RememberMeAuthenticationFilter@7a2c936d, org.springframework.security.web.authentication.AnonymousAuthenticationFilter@20b09e1c, org.springframework.security.web.session.SessionManagementFilter@3b0a0b85, org.springframework.security.web.access.ExceptionTranslationFilter@20dc0379, org.springframework.security.web.access.intercept.FilterSecurityInterceptor@295d19c6]
2023-05-08 00:27:39.909  INFO 21536 --- [restartedMain] o.s.b.a.w.s.WelcomePageHandlerMapping    : Adding welcome page template: index
2023-05-08 00:27:42.096  INFO 21536 --- [restartedMain] o.s.b.d.a.OptionalLiveReloadServer       : LiveReload server is running on port 35729
2023-05-08 00:27:42.133  INFO 21536 --- [restartedMain] o.s.b.w.embedded.tomcat.TomcatWebServer  : Tomcat started on port(s): 8080 (http) with context path '/ShopmeAdmin'
2023-05-08 00:27:42.145  INFO 21536 --- [restartedMain] c.shopme.admin.ShopmeBackEndApplication  : Started ShopmeBackEndApplication in 5.367 seconds (JVM running for 467.079)
2023-05-08 00:27:42.156  INFO 21536 --- [restartedMain] .ConditionEvaluationDeltaLoggingListener : Condition evaluation unchanged
2023-05-08 00:27:54.689  INFO 21536 --- [File Watcher] rtingClassPathChangeChangedEventListener : Restarting due to 1 class path change (1 addition, 0 deletions, 0 modifications)
2023-05-08 00:27:54.732  INFO 21536 --- [Thread-15] o.apache.catalina.core.StandardService   : Stopping service [Tomcat]
2023-05-08 00:27:54.742  INFO 21536 --- [Thread-15] j.LocalContainerEntityManagerFactoryBean : Closing JPA EntityManagerFactory for persistence unit 'default'
2023-05-08 00:27:54.743  INFO 21536 --- [Thread-15] com.zaxxer.hikari.HikariDataSource       : HikariPool-4 - Shutdown initiated...
2023-05-08 00:27:54.754  INFO 21536 --- [Thread-15] com.zaxxer.hikari.HikariDataSource       : HikariPool-4 - Shutdown completed.
2023-05-08 00:27:54.910  INFO 21536 --- [restartedMain] c.shopme.admin.ShopmeBackEndApplication  : Starting ShopmeBackEndApplication using Java 17.0.5 on DESKTOP-U3OF399 with PID 21536 (E:\JAVA\Project\ShopmeEcommerce\ShopmeProject\ShopmeWebParent\ShopmeBackEnd\target\classes started by TxmMinh in E:\JAVA\Project\ShopmeEcommerce\ShopmeProject\ShopmeWebParent\ShopmeBackEnd)
2023-05-08 00:27:54.911  INFO 21536 --- [restartedMain] c.shopme.admin.ShopmeBackEndApplication  : No active profile set, falling back to 1 default profile: "default"
2023-05-08 00:27:55.880  INFO 21536 --- [restartedMain] .s.d.r.c.RepositoryConfigurationDelegate : Bootstrapping Spring Data JPA repositories in DEFAULT mode.
2023-05-08 00:27:55.947  INFO 21536 --- [restartedMain] .s.d.r.c.RepositoryConfigurationDelegate : Finished Spring Data repository scanning in 62 ms. Found 2 JPA repository interfaces.
2023-05-08 00:27:56.354  INFO 21536 --- [restartedMain] o.s.b.w.embedded.tomcat.TomcatWebServer  : Tomcat initialized with port(s): 8080 (http)
2023-05-08 00:27:56.356  INFO 21536 --- [restartedMain] o.apache.catalina.core.StandardService   : Starting service [Tomcat]
2023-05-08 00:27:56.356  INFO 21536 --- [restartedMain] org.apache.catalina.core.StandardEngine  : Starting Servlet engine: [Apache Tomcat/9.0.73]
2023-05-08 00:27:56.425  INFO 21536 --- [restartedMain] o.a.c.c.C.[.[localhost].[/ShopmeAdmin]   : Initializing Spring embedded WebApplicationContext
2023-05-08 00:27:56.426  INFO 21536 --- [restartedMain] w.s.c.ServletWebServerApplicationContext : Root WebApplicationContext: initialization completed in 1502 ms
2023-05-08 00:27:56.570  INFO 21536 --- [restartedMain] o.hibernate.jpa.internal.util.LogHelper  : HHH000204: Processing PersistenceUnitInfo [name: default]
2023-05-08 00:27:56.610  INFO 21536 --- [restartedMain] com.zaxxer.hikari.HikariDataSource       : HikariPool-5 - Starting...
2023-05-08 00:27:56.611  WARN 21536 --- [restartedMain] com.zaxxer.hikari.util.DriverDataSource  : Registered driver with driverClassName=com.mysql.jdbc.Driver was not found, trying direct instantiation.
2023-05-08 00:27:56.636  INFO 21536 --- [restartedMain] com.zaxxer.hikari.HikariDataSource       : HikariPool-5 - Start completed.
2023-05-08 00:27:56.637  INFO 21536 --- [restartedMain] org.hibernate.dialect.Dialect            : HHH000400: Using dialect: org.hibernate.dialect.MySQL8Dialect
2023-05-08 00:27:56.771  INFO 21536 --- [restartedMain] o.h.e.t.j.p.i.JtaPlatformInitiator       : HHH000490: Using JtaPlatform implementation: [org.hibernate.engine.transaction.jta.platform.internal.NoJtaPlatform]
2023-05-08 00:27:56.772  INFO 21536 --- [restartedMain] j.LocalContainerEntityManagerFactoryBean : Initialized JPA EntityManagerFactory for persistence unit 'default'
2023-05-08 00:27:56.877  WARN 21536 --- [restartedMain] JpaBaseConfiguration$JpaWebConfiguration : spring.jpa.open-in-view is enabled by default. Therefore, database queries may be performed during view rendering. Explicitly configure spring.jpa.open-in-view to disable this warning
2023-05-08 00:27:57.070  WARN 21536 --- [restartedMain] o.s.s.c.a.web.builders.WebSecurity       : You are asking Spring Security to ignore Ant [pattern='/images/**']. This is not recommended -- please use permitAll via HttpSecurity#authorizeHttpRequests instead.
2023-05-08 00:27:57.070  INFO 21536 --- [restartedMain] o.s.s.web.DefaultSecurityFilterChain     : Will not secure Ant [pattern='/images/**']
2023-05-08 00:27:57.070  WARN 21536 --- [restartedMain] o.s.s.c.a.web.builders.WebSecurity       : You are asking Spring Security to ignore Ant [pattern='/js/**']. This is not recommended -- please use permitAll via HttpSecurity#authorizeHttpRequests instead.
2023-05-08 00:27:57.070  INFO 21536 --- [restartedMain] o.s.s.web.DefaultSecurityFilterChain     : Will not secure Ant [pattern='/js/**']
2023-05-08 00:27:57.070  WARN 21536 --- [restartedMain] o.s.s.c.a.web.builders.WebSecurity       : You are asking Spring Security to ignore Ant [pattern='/webjars/**']. This is not recommended -- please use permitAll via HttpSecurity#authorizeHttpRequests instead.
2023-05-08 00:27:57.070  INFO 21536 --- [restartedMain] o.s.s.web.DefaultSecurityFilterChain     : Will not secure Ant [pattern='/webjars/**']
2023-05-08 00:27:57.085  INFO 21536 --- [restartedMain] o.s.s.web.DefaultSecurityFilterChain     : Will secure any request with [org.springframework.security.web.session.DisableEncodeUrlFilter@488aec0, org.springframework.security.web.context.request.async.WebAsyncManagerIntegrationFilter@37efee01, org.springframework.security.web.context.SecurityContextPersistenceFilter@21fe4181, org.springframework.security.web.header.HeaderWriterFilter@1afc881e, org.springframework.security.web.csrf.CsrfFilter@1944a19b, org.springframework.security.web.authentication.logout.LogoutFilter@10d64e80, org.springframework.security.web.authentication.UsernamePasswordAuthenticationFilter@6a1fdc25, org.springframework.security.web.savedrequest.RequestCacheAwareFilter@73ef41b9, org.springframework.security.web.servletapi.SecurityContextHolderAwareRequestFilter@d2d8ba2, org.springframework.security.web.authentication.rememberme.RememberMeAuthenticationFilter@2b214ff, org.springframework.security.web.authentication.AnonymousAuthenticationFilter@2305e22d, org.springframework.security.web.session.SessionManagementFilter@1d8a63d2, org.springframework.security.web.access.ExceptionTranslationFilter@387d57d0, org.springframework.security.web.access.intercept.FilterSecurityInterceptor@22f224d4]
2023-05-08 00:27:57.194  INFO 21536 --- [restartedMain] o.s.b.a.w.s.WelcomePageHandlerMapping    : Adding welcome page template: index
2023-05-08 00:27:57.757  INFO 21536 --- [restartedMain] o.s.b.d.a.OptionalLiveReloadServer       : LiveReload server is running on port 35729
2023-05-08 00:27:57.779  INFO 21536 --- [restartedMain] o.s.b.w.embedded.tomcat.TomcatWebServer  : Tomcat started on port(s): 8080 (http) with context path '/ShopmeAdmin'
2023-05-08 00:27:57.791  INFO 21536 --- [restartedMain] c.shopme.admin.ShopmeBackEndApplication  : Started ShopmeBackEndApplication in 2.953 seconds (JVM running for 482.725)
2023-05-08 00:27:57.793  INFO 21536 --- [restartedMain] .ConditionEvaluationDeltaLoggingListener : Condition evaluation unchanged
2023-05-08 00:28:08.427  INFO 21536 --- [File Watcher] rtingClassPathChangeChangedEventListener : Restarting due to 1 class path change (0 additions, 1 deletion, 0 modifications)
2023-05-08 00:28:08.456  INFO 21536 --- [Thread-19] o.apache.catalina.core.StandardService   : Stopping service [Tomcat]
2023-05-08 00:28:08.467  INFO 21536 --- [Thread-19] j.LocalContainerEntityManagerFactoryBean : Closing JPA EntityManagerFactory for persistence unit 'default'
2023-05-08 00:28:08.467  INFO 21536 --- [Thread-19] com.zaxxer.hikari.HikariDataSource       : HikariPool-5 - Shutdown initiated...
2023-05-08 00:28:08.476  INFO 21536 --- [Thread-19] com.zaxxer.hikari.HikariDataSource       : HikariPool-5 - Shutdown completed.
2023-05-08 00:28:08.594  INFO 21536 --- [restartedMain] c.shopme.admin.ShopmeBackEndApplication  : Starting ShopmeBackEndApplication using Java 17.0.5 on DESKTOP-U3OF399 with PID 21536 (E:\JAVA\Project\ShopmeEcommerce\ShopmeProject\ShopmeWebParent\ShopmeBackEnd\target\classes started by TxmMinh in E:\JAVA\Project\ShopmeEcommerce\ShopmeProject\ShopmeWebParent\ShopmeBackEnd)
2023-05-08 00:28:08.594  INFO 21536 --- [restartedMain] c.shopme.admin.ShopmeBackEndApplication  : No active profile set, falling back to 1 default profile: "default"
2023-05-08 00:28:09.153  INFO 21536 --- [restartedMain] .s.d.r.c.RepositoryConfigurationDelegate : Bootstrapping Spring Data JPA repositories in DEFAULT mode.
2023-05-08 00:28:09.173  INFO 21536 --- [restartedMain] .s.d.r.c.RepositoryConfigurationDelegate : Finished Spring Data repository scanning in 19 ms. Found 2 JPA repository interfaces.
2023-05-08 00:28:09.391  INFO 21536 --- [restartedMain] o.s.b.w.embedded.tomcat.TomcatWebServer  : Tomcat initialized with port(s): 8080 (http)
2023-05-08 00:28:09.393  INFO 21536 --- [restartedMain] o.apache.catalina.core.StandardService   : Starting service [Tomcat]
2023-05-08 00:28:09.393  INFO 21536 --- [restartedMain] org.apache.catalina.core.StandardEngine  : Starting Servlet engine: [Apache Tomcat/9.0.73]
2023-05-08 00:28:09.434  INFO 21536 --- [restartedMain] o.a.c.c.C.[.[localhost].[/ShopmeAdmin]   : Initializing Spring embedded WebApplicationContext
2023-05-08 00:28:09.434  INFO 21536 --- [restartedMain] w.s.c.ServletWebServerApplicationContext : Root WebApplicationContext: initialization completed in 831 ms
2023-05-08 00:28:09.510  INFO 21536 --- [restartedMain] o.hibernate.jpa.internal.util.LogHelper  : HHH000204: Processing PersistenceUnitInfo [name: default]
2023-05-08 00:28:09.525  INFO 21536 --- [restartedMain] com.zaxxer.hikari.HikariDataSource       : HikariPool-6 - Starting...
2023-05-08 00:28:09.525  WARN 21536 --- [restartedMain] com.zaxxer.hikari.util.DriverDataSource  : Registered driver with driverClassName=com.mysql.jdbc.Driver was not found, trying direct instantiation.
2023-05-08 00:28:09.552  INFO 21536 --- [restartedMain] com.zaxxer.hikari.HikariDataSource       : HikariPool-6 - Start completed.
2023-05-08 00:28:09.552  INFO 21536 --- [restartedMain] org.hibernate.dialect.Dialect            : HHH000400: Using dialect: org.hibernate.dialect.MySQL8Dialect
2023-05-08 00:28:09.730  INFO 21536 --- [restartedMain] o.h.e.t.j.p.i.JtaPlatformInitiator       : HHH000490: Using JtaPlatform implementation: [org.hibernate.engine.transaction.jta.platform.internal.NoJtaPlatform]
2023-05-08 00:28:09.730  INFO 21536 --- [restartedMain] j.LocalContainerEntityManagerFactoryBean : Initialized JPA EntityManagerFactory for persistence unit 'default'
2023-05-08 00:28:09.806  WARN 21536 --- [restartedMain] JpaBaseConfiguration$JpaWebConfiguration : spring.jpa.open-in-view is enabled by default. Therefore, database queries may be performed during view rendering. Explicitly configure spring.jpa.open-in-view to disable this warning
2023-05-08 00:28:10.074  WARN 21536 --- [restartedMain] o.s.s.c.a.web.builders.WebSecurity       : You are asking Spring Security to ignore Ant [pattern='/images/**']. This is not recommended -- please use permitAll via HttpSecurity#authorizeHttpRequests instead.
2023-05-08 00:28:10.074  INFO 21536 --- [restartedMain] o.s.s.web.DefaultSecurityFilterChain     : Will not secure Ant [pattern='/images/**']
2023-05-08 00:28:10.074  WARN 21536 --- [restartedMain] o.s.s.c.a.web.builders.WebSecurity       : You are asking Spring Security to ignore Ant [pattern='/js/**']. This is not recommended -- please use permitAll via HttpSecurity#authorizeHttpRequests instead.
2023-05-08 00:28:10.074  INFO 21536 --- [restartedMain] o.s.s.web.DefaultSecurityFilterChain     : Will not secure Ant [pattern='/js/**']
2023-05-08 00:28:10.074  WARN 21536 --- [restartedMain] o.s.s.c.a.web.builders.WebSecurity       : You are asking Spring Security to ignore Ant [pattern='/webjars/**']. This is not recommended -- please use permitAll via HttpSecurity#authorizeHttpRequests instead.
2023-05-08 00:28:10.074  INFO 21536 --- [restartedMain] o.s.s.web.DefaultSecurityFilterChain     : Will not secure Ant [pattern='/webjars/**']
2023-05-08 00:28:10.105  INFO 21536 --- [restartedMain] o.s.s.web.DefaultSecurityFilterChain     : Will secure any request with [org.springframework.security.web.session.DisableEncodeUrlFilter@4b0997eb, org.springframework.security.web.context.request.async.WebAsyncManagerIntegrationFilter@577bdf81, org.springframework.security.web.context.SecurityContextPersistenceFilter@5108c6fd, org.springframework.security.web.header.HeaderWriterFilter@519c43e8, org.springframework.security.web.csrf.CsrfFilter@371c2272, org.springframework.security.web.authentication.logout.LogoutFilter@361be83f, org.springframework.security.web.authentication.UsernamePasswordAuthenticationFilter@3e303787, org.springframework.security.web.savedrequest.RequestCacheAwareFilter@1e8037c3, org.springframework.security.web.servletapi.SecurityContextHolderAwareRequestFilter@2d30a4f8, org.springframework.security.web.authentication.rememberme.RememberMeAuthenticationFilter@79d6c1f2, org.springframework.security.web.authentication.AnonymousAuthenticationFilter@68c856e6, org.springframework.security.web.session.SessionManagementFilter@7d17bc7, org.springframework.security.web.access.ExceptionTranslationFilter@7a66b433, org.springframework.security.web.access.intercept.FilterSecurityInterceptor@4131fb4]
2023-05-08 00:28:10.213  INFO 21536 --- [restartedMain] o.s.b.a.w.s.WelcomePageHandlerMapping    : Adding welcome page template: index
2023-05-08 00:28:11.000  INFO 21536 --- [restartedMain] o.s.b.d.a.OptionalLiveReloadServer       : LiveReload server is running on port 35729
2023-05-08 00:28:11.024  INFO 21536 --- [restartedMain] o.s.b.w.embedded.tomcat.TomcatWebServer  : Tomcat started on port(s): 8080 (http) with context path '/ShopmeAdmin'
2023-05-08 00:28:11.033  INFO 21536 --- [restartedMain] c.shopme.admin.ShopmeBackEndApplication  : Started ShopmeBackEndApplication in 2.493 seconds (JVM running for 495.968)
2023-05-08 00:28:11.036  INFO 21536 --- [restartedMain] .ConditionEvaluationDeltaLoggingListener : Condition evaluation unchanged
2023-05-08 00:28:13.469  INFO 21536 --- [File Watcher] rtingClassPathChangeChangedEventListener : Restarting due to 1 class path change (1 addition, 0 deletions, 0 modifications)
2023-05-08 00:28:13.496  INFO 21536 --- [Thread-23] o.apache.catalina.core.StandardService   : Stopping service [Tomcat]
2023-05-08 00:28:13.506  INFO 21536 --- [Thread-23] j.LocalContainerEntityManagerFactoryBean : Closing JPA EntityManagerFactory for persistence unit 'default'
2023-05-08 00:28:13.507  INFO 21536 --- [Thread-23] com.zaxxer.hikari.HikariDataSource       : HikariPool-6 - Shutdown initiated...
2023-05-08 00:28:13.515  INFO 21536 --- [Thread-23] com.zaxxer.hikari.HikariDataSource       : HikariPool-6 - Shutdown completed.
2023-05-08 00:28:13.633  INFO 21536 --- [restartedMain] c.shopme.admin.ShopmeBackEndApplication  : Starting ShopmeBackEndApplication using Java 17.0.5 on DESKTOP-U3OF399 with PID 21536 (E:\JAVA\Project\ShopmeEcommerce\ShopmeProject\ShopmeWebParent\ShopmeBackEnd\target\classes started by TxmMinh in E:\JAVA\Project\ShopmeEcommerce\ShopmeProject\ShopmeWebParent\ShopmeBackEnd)
2023-05-08 00:28:13.633  INFO 21536 --- [restartedMain] c.shopme.admin.ShopmeBackEndApplication  : No active profile set, falling back to 1 default profile: "default"
2023-05-08 00:28:14.040  INFO 21536 --- [restartedMain] .s.d.r.c.RepositoryConfigurationDelegate : Bootstrapping Spring Data JPA repositories in DEFAULT mode.
2023-05-08 00:28:14.068  INFO 21536 --- [restartedMain] .s.d.r.c.RepositoryConfigurationDelegate : Finished Spring Data repository scanning in 28 ms. Found 2 JPA repository interfaces.
2023-05-08 00:28:14.204  INFO 21536 --- [restartedMain] o.s.b.w.embedded.tomcat.TomcatWebServer  : Tomcat initialized with port(s): 8080 (http)
2023-05-08 00:28:14.205  INFO 21536 --- [restartedMain] o.apache.catalina.core.StandardService   : Starting service [Tomcat]
2023-05-08 00:28:14.205  INFO 21536 --- [restartedMain] org.apache.catalina.core.StandardEngine  : Starting Servlet engine: [Apache Tomcat/9.0.73]
2023-05-08 00:28:14.242  INFO 21536 --- [restartedMain] o.a.c.c.C.[.[localhost].[/ShopmeAdmin]   : Initializing Spring embedded WebApplicationContext
2023-05-08 00:28:14.242  INFO 21536 --- [restartedMain] w.s.c.ServletWebServerApplicationContext : Root WebApplicationContext: initialization completed in 606 ms
2023-05-08 00:28:14.323  INFO 21536 --- [restartedMain] o.hibernate.jpa.internal.util.LogHelper  : HHH000204: Processing PersistenceUnitInfo [name: default]
2023-05-08 00:28:14.328  INFO 21536 --- [restartedMain] com.zaxxer.hikari.HikariDataSource       : HikariPool-7 - Starting...
2023-05-08 00:28:14.329  WARN 21536 --- [restartedMain] com.zaxxer.hikari.util.DriverDataSource  : Registered driver with driverClassName=com.mysql.jdbc.Driver was not found, trying direct instantiation.
2023-05-08 00:28:14.353  INFO 21536 --- [restartedMain] com.zaxxer.hikari.HikariDataSource       : HikariPool-7 - Start completed.
2023-05-08 00:28:14.354  INFO 21536 --- [restartedMain] org.hibernate.dialect.Dialect            : HHH000400: Using dialect: org.hibernate.dialect.MySQL8Dialect
2023-05-08 00:28:14.453  INFO 21536 --- [restartedMain] o.h.e.t.j.p.i.JtaPlatformInitiator       : HHH000490: Using JtaPlatform implementation: [org.hibernate.engine.transaction.jta.platform.internal.NoJtaPlatform]
2023-05-08 00:28:14.454  INFO 21536 --- [restartedMain] j.LocalContainerEntityManagerFactoryBean : Initialized JPA EntityManagerFactory for persistence unit 'default'
2023-05-08 00:28:14.524  WARN 21536 --- [restartedMain] JpaBaseConfiguration$JpaWebConfiguration : spring.jpa.open-in-view is enabled by default. Therefore, database queries may be performed during view rendering. Explicitly configure spring.jpa.open-in-view to disable this warning
2023-05-08 00:28:14.707  WARN 21536 --- [restartedMain] o.s.s.c.a.web.builders.WebSecurity       : You are asking Spring Security to ignore Ant [pattern='/images/**']. This is not recommended -- please use permitAll via HttpSecurity#authorizeHttpRequests instead.
2023-05-08 00:28:14.707  INFO 21536 --- [restartedMain] o.s.s.web.DefaultSecurityFilterChain     : Will not secure Ant [pattern='/images/**']
2023-05-08 00:28:14.707  WARN 21536 --- [restartedMain] o.s.s.c.a.web.builders.WebSecurity       : You are asking Spring Security to ignore Ant [pattern='/js/**']. This is not recommended -- please use permitAll via HttpSecurity#authorizeHttpRequests instead.
2023-05-08 00:28:14.707  INFO 21536 --- [restartedMain] o.s.s.web.DefaultSecurityFilterChain     : Will not secure Ant [pattern='/js/**']
2023-05-08 00:28:14.707  WARN 21536 --- [restartedMain] o.s.s.c.a.web.builders.WebSecurity       : You are asking Spring Security to ignore Ant [pattern='/webjars/**']. This is not recommended -- please use permitAll via HttpSecurity#authorizeHttpRequests instead.
2023-05-08 00:28:14.707  INFO 21536 --- [restartedMain] o.s.s.web.DefaultSecurityFilterChain     : Will not secure Ant [pattern='/webjars/**']
2023-05-08 00:28:14.717  INFO 21536 --- [restartedMain] o.s.s.web.DefaultSecurityFilterChain     : Will secure any request with [org.springframework.security.web.session.DisableEncodeUrlFilter@7d519466, org.springframework.security.web.context.request.async.WebAsyncManagerIntegrationFilter@131bff09, org.springframework.security.web.context.SecurityContextPersistenceFilter@5cc7f15, org.springframework.security.web.header.HeaderWriterFilter@5d35fd29, org.springframework.security.web.csrf.CsrfFilter@4949111c, org.springframework.security.web.authentication.logout.LogoutFilter@30ddecd6, org.springframework.security.web.authentication.UsernamePasswordAuthenticationFilter@18de1ba1, org.springframework.security.web.savedrequest.RequestCacheAwareFilter@42308272, org.springframework.security.web.servletapi.SecurityContextHolderAwareRequestFilter@309ef3a8, org.springframework.security.web.authentication.rememberme.RememberMeAuthenticationFilter@665d34e7, org.springframework.security.web.authentication.AnonymousAuthenticationFilter@7b70edd8, org.springframework.security.web.session.SessionManagementFilter@48c4f69, org.springframework.security.web.access.ExceptionTranslationFilter@3f0f1688, org.springframework.security.web.access.intercept.FilterSecurityInterceptor@4d647815]
2023-05-08 00:28:14.789  INFO 21536 --- [restartedMain] o.s.b.a.w.s.WelcomePageHandlerMapping    : Adding welcome page template: index
2023-05-08 00:28:15.278  INFO 21536 --- [restartedMain] o.s.b.d.a.OptionalLiveReloadServer       : LiveReload server is running on port 35729
2023-05-08 00:28:15.310  INFO 21536 --- [restartedMain] o.s.b.w.embedded.tomcat.TomcatWebServer  : Tomcat started on port(s): 8080 (http) with context path '/ShopmeAdmin'
2023-05-08 00:28:15.322  INFO 21536 --- [restartedMain] c.shopme.admin.ShopmeBackEndApplication  : Started ShopmeBackEndApplication in 1.737 seconds (JVM running for 500.256)
2023-05-08 00:28:15.325  INFO 21536 --- [restartedMain] .ConditionEvaluationDeltaLoggingListener : Condition evaluation unchanged
2023-05-08 00:31:20.232  INFO 21536 --- [File Watcher] rtingClassPathChangeChangedEventListener : Restarting due to 1 class path change (0 additions, 1 deletion, 0 modifications)
2023-05-08 00:31:20.258  INFO 21536 --- [Thread-27] o.apache.catalina.core.StandardService   : Stopping service [Tomcat]
2023-05-08 00:31:20.268  INFO 21536 --- [Thread-27] j.LocalContainerEntityManagerFactoryBean : Closing JPA EntityManagerFactory for persistence unit 'default'
2023-05-08 00:31:20.269  INFO 21536 --- [Thread-27] com.zaxxer.hikari.HikariDataSource       : HikariPool-7 - Shutdown initiated...
2023-05-08 00:31:20.278  INFO 21536 --- [Thread-27] com.zaxxer.hikari.HikariDataSource       : HikariPool-7 - Shutdown completed.
2023-05-08 00:31:20.442  INFO 21536 --- [restartedMain] c.shopme.admin.ShopmeBackEndApplication  : Starting ShopmeBackEndApplication using Java 17.0.5 on DESKTOP-U3OF399 with PID 21536 (E:\JAVA\Project\ShopmeEcommerce\ShopmeProject\ShopmeWebParent\ShopmeBackEnd\target\classes started by TxmMinh in E:\JAVA\Project\ShopmeEcommerce\ShopmeProject\ShopmeWebParent\ShopmeBackEnd)
2023-05-08 00:31:20.442  INFO 21536 --- [restartedMain] c.shopme.admin.ShopmeBackEndApplication  : No active profile set, falling back to 1 default profile: "default"
2023-05-08 00:31:21.158  INFO 21536 --- [restartedMain] .s.d.r.c.RepositoryConfigurationDelegate : Bootstrapping Spring Data JPA repositories in DEFAULT mode.
2023-05-08 00:31:21.294  INFO 21536 --- [restartedMain] .s.d.r.c.RepositoryConfigurationDelegate : Finished Spring Data repository scanning in 136 ms. Found 2 JPA repository interfaces.
2023-05-08 00:31:21.589  INFO 21536 --- [restartedMain] o.s.b.w.embedded.tomcat.TomcatWebServer  : Tomcat initialized with port(s): 8080 (http)
2023-05-08 00:31:21.590  INFO 21536 --- [restartedMain] o.apache.catalina.core.StandardService   : Starting service [Tomcat]
2023-05-08 00:31:21.591  INFO 21536 --- [restartedMain] org.apache.catalina.core.StandardEngine  : Starting Servlet engine: [Apache Tomcat/9.0.73]
2023-05-08 00:31:21.649  INFO 21536 --- [restartedMain] o.a.c.c.C.[.[localhost].[/ShopmeAdmin]   : Initializing Spring embedded WebApplicationContext
2023-05-08 00:31:21.649  INFO 21536 --- [restartedMain] w.s.c.ServletWebServerApplicationContext : Root WebApplicationContext: initialization completed in 1199 ms
2023-05-08 00:31:21.769  INFO 21536 --- [restartedMain] o.hibernate.jpa.internal.util.LogHelper  : HHH000204: Processing PersistenceUnitInfo [name: default]
2023-05-08 00:31:21.787  INFO 21536 --- [restartedMain] com.zaxxer.hikari.HikariDataSource       : HikariPool-8 - Starting...
2023-05-08 00:31:21.787  WARN 21536 --- [restartedMain] com.zaxxer.hikari.util.DriverDataSource  : Registered driver with driverClassName=com.mysql.jdbc.Driver was not found, trying direct instantiation.
2023-05-08 00:31:21.818  INFO 21536 --- [restartedMain] com.zaxxer.hikari.HikariDataSource       : HikariPool-8 - Start completed.
2023-05-08 00:31:21.819  INFO 21536 --- [restartedMain] org.hibernate.dialect.Dialect            : HHH000400: Using dialect: org.hibernate.dialect.MySQL8Dialect
2023-05-08 00:31:21.928  INFO 21536 --- [restartedMain] o.h.e.t.j.p.i.JtaPlatformInitiator       : HHH000490: Using JtaPlatform implementation: [org.hibernate.engine.transaction.jta.platform.internal.NoJtaPlatform]
2023-05-08 00:31:21.928  INFO 21536 --- [restartedMain] j.LocalContainerEntityManagerFactoryBean : Initialized JPA EntityManagerFactory for persistence unit 'default'
2023-05-08 00:31:21.984  WARN 21536 --- [restartedMain] JpaBaseConfiguration$JpaWebConfiguration : spring.jpa.open-in-view is enabled by default. Therefore, database queries may be performed during view rendering. Explicitly configure spring.jpa.open-in-view to disable this warning
2023-05-08 00:31:22.173  WARN 21536 --- [restartedMain] o.s.s.c.a.web.builders.WebSecurity       : You are asking Spring Security to ignore Ant [pattern='/images/**']. This is not recommended -- please use permitAll via HttpSecurity#authorizeHttpRequests instead.
2023-05-08 00:31:22.173  INFO 21536 --- [restartedMain] o.s.s.web.DefaultSecurityFilterChain     : Will not secure Ant [pattern='/images/**']
2023-05-08 00:31:22.173  WARN 21536 --- [restartedMain] o.s.s.c.a.web.builders.WebSecurity       : You are asking Spring Security to ignore Ant [pattern='/js/**']. This is not recommended -- please use permitAll via HttpSecurity#authorizeHttpRequests instead.
2023-05-08 00:31:22.173  INFO 21536 --- [restartedMain] o.s.s.web.DefaultSecurityFilterChain     : Will not secure Ant [pattern='/js/**']
2023-05-08 00:31:22.174  WARN 21536 --- [restartedMain] o.s.s.c.a.web.builders.WebSecurity       : You are asking Spring Security to ignore Ant [pattern='/webjars/**']. This is not recommended -- please use permitAll via HttpSecurity#authorizeHttpRequests instead.
2023-05-08 00:31:22.174  INFO 21536 --- [restartedMain] o.s.s.web.DefaultSecurityFilterChain     : Will not secure Ant [pattern='/webjars/**']
2023-05-08 00:31:22.195  INFO 21536 --- [restartedMain] o.s.s.web.DefaultSecurityFilterChain     : Will secure any request with [org.springframework.security.web.session.DisableEncodeUrlFilter@46d50ef8, org.springframework.security.web.context.request.async.WebAsyncManagerIntegrationFilter@46190c78, org.springframework.security.web.context.SecurityContextPersistenceFilter@98dcd49, org.springframework.security.web.header.HeaderWriterFilter@773bde9f, org.springframework.security.web.csrf.CsrfFilter@4d921642, org.springframework.security.web.authentication.logout.LogoutFilter@317e5f30, org.springframework.security.web.authentication.UsernamePasswordAuthenticationFilter@64e90606, org.springframework.security.web.savedrequest.RequestCacheAwareFilter@63593be, org.springframework.security.web.servletapi.SecurityContextHolderAwareRequestFilter@2fd37ac1, org.springframework.security.web.authentication.rememberme.RememberMeAuthenticationFilter@b7ce20a, org.springframework.security.web.authentication.AnonymousAuthenticationFilter@6a6cfb8b, org.springframework.security.web.session.SessionManagementFilter@54f0e193, org.springframework.security.web.access.ExceptionTranslationFilter@3b76982e, org.springframework.security.web.access.intercept.FilterSecurityInterceptor@4578b68c]
2023-05-08 00:31:22.277  INFO 21536 --- [restartedMain] o.s.b.a.w.s.WelcomePageHandlerMapping    : Adding welcome page template: index
2023-05-08 00:31:22.667  INFO 21536 --- [restartedMain] o.s.b.d.a.OptionalLiveReloadServer       : LiveReload server is running on port 35729
2023-05-08 00:31:22.678  INFO 21536 --- [restartedMain] o.s.b.w.embedded.tomcat.TomcatWebServer  : Tomcat started on port(s): 8080 (http) with context path '/ShopmeAdmin'
2023-05-08 00:31:22.683  INFO 21536 --- [restartedMain] c.shopme.admin.ShopmeBackEndApplication  : Started ShopmeBackEndApplication in 2.329 seconds (JVM running for 687.617)
2023-05-08 00:31:22.684  INFO 21536 --- [restartedMain] .ConditionEvaluationDeltaLoggingListener : Condition evaluation unchanged
2023-05-08 00:31:38.725  INFO 21536 --- [File Watcher] rtingClassPathChangeChangedEventListener : Restarting due to 1 class path change (1 addition, 0 deletions, 0 modifications)
2023-05-08 00:31:38.787  INFO 21536 --- [Thread-31] o.apache.catalina.core.StandardService   : Stopping service [Tomcat]
2023-05-08 00:31:38.798  INFO 21536 --- [Thread-31] j.LocalContainerEntityManagerFactoryBean : Closing JPA EntityManagerFactory for persistence unit 'default'
2023-05-08 00:31:38.799  INFO 21536 --- [Thread-31] com.zaxxer.hikari.HikariDataSource       : HikariPool-8 - Shutdown initiated...
2023-05-08 00:31:38.820  INFO 21536 --- [Thread-31] com.zaxxer.hikari.HikariDataSource       : HikariPool-8 - Shutdown completed.
2023-05-08 00:31:39.023  INFO 21536 --- [restartedMain] c.shopme.admin.ShopmeBackEndApplication  : Starting ShopmeBackEndApplication using Java 17.0.5 on DESKTOP-U3OF399 with PID 21536 (E:\JAVA\Project\ShopmeEcommerce\ShopmeProject\ShopmeWebParent\ShopmeBackEnd\target\classes started by TxmMinh in E:\JAVA\Project\ShopmeEcommerce\ShopmeProject\ShopmeWebParent\ShopmeBackEnd)
2023-05-08 00:31:39.025  INFO 21536 --- [restartedMain] c.shopme.admin.ShopmeBackEndApplication  : No active profile set, falling back to 1 default profile: "default"
2023-05-08 00:31:39.500  INFO 21536 --- [restartedMain] .s.d.r.c.RepositoryConfigurationDelegate : Bootstrapping Spring Data JPA repositories in DEFAULT mode.
2023-05-08 00:31:39.519  INFO 21536 --- [restartedMain] .s.d.r.c.RepositoryConfigurationDelegate : Finished Spring Data repository scanning in 19 ms. Found 2 JPA repository interfaces.
2023-05-08 00:31:39.713  INFO 21536 --- [restartedMain] o.s.b.w.embedded.tomcat.TomcatWebServer  : Tomcat initialized with port(s): 8080 (http)
2023-05-08 00:31:39.713  INFO 21536 --- [restartedMain] o.apache.catalina.core.StandardService   : Starting service [Tomcat]
2023-05-08 00:31:39.714  INFO 21536 --- [restartedMain] org.apache.catalina.core.StandardEngine  : Starting Servlet engine: [Apache Tomcat/9.0.73]
2023-05-08 00:31:39.755  INFO 21536 --- [restartedMain] o.a.c.c.C.[.[localhost].[/ShopmeAdmin]   : Initializing Spring embedded WebApplicationContext
2023-05-08 00:31:39.755  INFO 21536 --- [restartedMain] w.s.c.ServletWebServerApplicationContext : Root WebApplicationContext: initialization completed in 718 ms
2023-05-08 00:31:39.825  INFO 21536 --- [restartedMain] o.hibernate.jpa.internal.util.LogHelper  : HHH000204: Processing PersistenceUnitInfo [name: default]
2023-05-08 00:31:39.839  INFO 21536 --- [restartedMain] com.zaxxer.hikari.HikariDataSource       : HikariPool-9 - Starting...
2023-05-08 00:31:39.839  WARN 21536 --- [restartedMain] com.zaxxer.hikari.util.DriverDataSource  : Registered driver with driverClassName=com.mysql.jdbc.Driver was not found, trying direct instantiation.
2023-05-08 00:31:39.860  INFO 21536 --- [restartedMain] com.zaxxer.hikari.HikariDataSource       : HikariPool-9 - Start completed.
2023-05-08 00:31:39.861  INFO 21536 --- [restartedMain] org.hibernate.dialect.Dialect            : HHH000400: Using dialect: org.hibernate.dialect.MySQL8Dialect
2023-05-08 00:31:39.968  INFO 21536 --- [restartedMain] o.h.e.t.j.p.i.JtaPlatformInitiator       : HHH000490: Using JtaPlatform implementation: [org.hibernate.engine.transaction.jta.platform.internal.NoJtaPlatform]
2023-05-08 00:31:39.969  INFO 21536 --- [restartedMain] j.LocalContainerEntityManagerFactoryBean : Initialized JPA EntityManagerFactory for persistence unit 'default'
2023-05-08 00:31:40.028  WARN 21536 --- [restartedMain] JpaBaseConfiguration$JpaWebConfiguration : spring.jpa.open-in-view is enabled by default. Therefore, database queries may be performed during view rendering. Explicitly configure spring.jpa.open-in-view to disable this warning
2023-05-08 00:31:40.229  WARN 21536 --- [restartedMain] o.s.s.c.a.web.builders.WebSecurity       : You are asking Spring Security to ignore Ant [pattern='/images/**']. This is not recommended -- please use permitAll via HttpSecurity#authorizeHttpRequests instead.
2023-05-08 00:31:40.229  INFO 21536 --- [restartedMain] o.s.s.web.DefaultSecurityFilterChain     : Will not secure Ant [pattern='/images/**']
2023-05-08 00:31:40.229  WARN 21536 --- [restartedMain] o.s.s.c.a.web.builders.WebSecurity       : You are asking Spring Security to ignore Ant [pattern='/js/**']. This is not recommended -- please use permitAll via HttpSecurity#authorizeHttpRequests instead.
2023-05-08 00:31:40.229  INFO 21536 --- [restartedMain] o.s.s.web.DefaultSecurityFilterChain     : Will not secure Ant [pattern='/js/**']
2023-05-08 00:31:40.229  WARN 21536 --- [restartedMain] o.s.s.c.a.web.builders.WebSecurity       : You are asking Spring Security to ignore Ant [pattern='/webjars/**']. This is not recommended -- please use permitAll via HttpSecurity#authorizeHttpRequests instead.
2023-05-08 00:31:40.229  INFO 21536 --- [restartedMain] o.s.s.web.DefaultSecurityFilterChain     : Will not secure Ant [pattern='/webjars/**']
2023-05-08 00:31:40.243  INFO 21536 --- [restartedMain] o.s.s.web.DefaultSecurityFilterChain     : Will secure any request with [org.springframework.security.web.session.DisableEncodeUrlFilter@3272166b, org.springframework.security.web.context.request.async.WebAsyncManagerIntegrationFilter@3a61e78, org.springframework.security.web.context.SecurityContextPersistenceFilter@2a9b4651, org.springframework.security.web.header.HeaderWriterFilter@40d130dd, org.springframework.security.web.csrf.CsrfFilter@3c3de991, org.springframework.security.web.authentication.logout.LogoutFilter@58a36ed6, org.springframework.security.web.authentication.UsernamePasswordAuthenticationFilter@39566750, org.springframework.security.web.savedrequest.RequestCacheAwareFilter@5222068f, org.springframework.security.web.servletapi.SecurityContextHolderAwareRequestFilter@1b3c83ce, org.springframework.security.web.authentication.rememberme.RememberMeAuthenticationFilter@ed9b4e8, org.springframework.security.web.authentication.AnonymousAuthenticationFilter@9c085bb, org.springframework.security.web.session.SessionManagementFilter@79395986, org.springframework.security.web.access.ExceptionTranslationFilter@56a5dc99, org.springframework.security.web.access.intercept.FilterSecurityInterceptor@77b8cba6]
2023-05-08 00:31:40.338  INFO 21536 --- [restartedMain] o.s.b.a.w.s.WelcomePageHandlerMapping    : Adding welcome page template: index
2023-05-08 00:31:40.969  INFO 21536 --- [restartedMain] o.s.b.d.a.OptionalLiveReloadServer       : LiveReload server is running on port 35729
2023-05-08 00:31:40.992  INFO 21536 --- [restartedMain] o.s.b.w.embedded.tomcat.TomcatWebServer  : Tomcat started on port(s): 8080 (http) with context path '/ShopmeAdmin'
2023-05-08 00:31:41.002  INFO 21536 --- [restartedMain] c.shopme.admin.ShopmeBackEndApplication  : Started ShopmeBackEndApplication in 2.076 seconds (JVM running for 705.937)
2023-05-08 00:31:41.004  INFO 21536 --- [restartedMain] .ConditionEvaluationDeltaLoggingListener : Condition evaluation unchanged
2023-05-08 00:48:24.787  INFO 21536 --- [File Watcher] rtingClassPathChangeChangedEventListener : Restarting due to 1 class path change (0 additions, 0 deletions, 1 modification)
2023-05-08 00:48:25.089  INFO 21536 --- [Thread-35] o.apache.catalina.core.StandardService   : Stopping service [Tomcat]
2023-05-08 00:48:25.207  INFO 21536 --- [Thread-35] j.LocalContainerEntityManagerFactoryBean : Closing JPA EntityManagerFactory for persistence unit 'default'
2023-05-08 00:48:25.248  INFO 21536 --- [Thread-35] com.zaxxer.hikari.HikariDataSource       : HikariPool-9 - Shutdown initiated...
2023-05-08 00:48:25.333  INFO 21536 --- [Thread-35] com.zaxxer.hikari.HikariDataSource       : HikariPool-9 - Shutdown completed.
